Analysis & Synthesis report for ps2tolcd
Tue Mar 31 17:36:12 2009
Quartus II Version 7.2 Build 151 09/26/2007 SJ Full Version


---------------------
; Table of Contents ;
---------------------
  1. Legal Notice
  2. Analysis & Synthesis Summary
  3. Analysis & Synthesis Settings
  4. Analysis & Synthesis Source Files Read
  5. Analysis & Synthesis Resource Usage Summary
  6. Analysis & Synthesis Resource Utilization by Entity
  7. State Machine - |ps2tolcd|ps2_keyboard_interface:inst3|m1_state
  8. State Machine - |ps2tolcd|lcd:inst2|state
  9. User-Specified and Inferred Latches
 10. Registers Removed During Synthesis
 11. General Register Statistics
 12. Multiplexer Restructuring Statistics (Restructuring Performed)
 13. Parameter Settings for User Entity Instance: lcd:inst2
 14. Parameter Settings for User Entity Instance: ps2_keyboard_interface:inst3
 15. Analysis & Synthesis Messages



----------------
; Legal Notice ;
----------------
Copyright (C) 1991-2007 Altera Corporation
Your use of Altera Corporation's design tools, logic functions 
and other software and tools, and its AMPP partner logic 
functions, and any output files from any of the foregoing 
(including device programming or simulation files), and any 
associated documentation or information are expressly subject 
to the terms and conditions of the Altera Program License 
Subscription Agreement, Altera MegaCore Function License 
Agreement, or other applicable license agreement, including, 
without limitation, that your use is for the sole purpose of 
programming logic devices manufactured by Altera and sold by 
Altera or its authorized distributors.  Please refer to the 
applicable agreement for further details.



+-------------------------------------------------------------------------------+
; Analysis & Synthesis Summary                                                  ;
+------------------------------------+------------------------------------------+
; Analysis & Synthesis Status        ; Successful - Tue Mar 31 17:36:12 2009    ;
; Quartus II Version                 ; 7.2 Build 151 09/26/2007 SJ Full Version ;
; Revision Name                      ; ps2tolcd                                 ;
; Top-level Entity Name              ; ps2tolcd                                 ;
; Family                             ; Cyclone II                               ;
; Total logic elements               ; 367                                      ;
;     Total combinational functions  ; 367                                      ;
;     Dedicated logic registers      ; 111                                      ;
; Total registers                    ; 111                                      ;
; Total pins                         ; 23                                       ;
; Total virtual pins                 ; 0                                        ;
; Total memory bits                  ; 0                                        ;
; Embedded Multiplier 9-bit elements ; 0                                        ;
; Total PLLs                         ; 0                                        ;
+------------------------------------+------------------------------------------+


+--------------------------------------------------------------------------------------------------------------------------+
; Analysis & Synthesis Settings                                                                                            ;
+--------------------------------------------------------------------------------+--------------------+--------------------+
; Option                                                                         ; Setting            ; Default Value      ;
+--------------------------------------------------------------------------------+--------------------+--------------------+
; Device                                                                         ; EP2C35F484C8       ;                    ;
; Top-level entity name                                                          ; ps2tolcd           ; ps2tolcd           ;
; Family name                                                                    ; Cyclone II         ; Stratix            ;
; Use smart compilation                                                          ; Off                ; Off                ;
; Maximum processors allowed for parallel compilation                            ; 1                  ; 1                  ;
; Restructure Multiplexers                                                       ; Auto               ; Auto               ;
; Create Debugging Nodes for IP Cores                                            ; Off                ; Off                ;
; Preserve fewer node names                                                      ; On                 ; On                 ;
; Disable OpenCore Plus hardware evaluation                                      ; Off                ; Off                ;
; Verilog Version                                                                ; Verilog_2001       ; Verilog_2001       ;
; VHDL Version                                                                   ; VHDL93             ; VHDL93             ;
; State Machine Processing                                                       ; Auto               ; Auto               ;
; Safe State Machine                                                             ; Off                ; Off                ;
; Extract Verilog State Machines                                                 ; On                 ; On                 ;
; Extract VHDL State Machines                                                    ; On                 ; On                 ;
; Ignore Verilog initial constructs                                              ; Off                ; Off                ;
; Add Pass-Through Logic to Inferred RAMs                                        ; On                 ; On                 ;
; Parallel Synthesis                                                             ; Off                ; Off                ;
; DSP Block Balancing                                                            ; Auto               ; Auto               ;
; Maximum DSP Block Usage                                                        ; Unlimited          ; Unlimited          ;
; NOT Gate Push-Back                                                             ; On                 ; On                 ;
; Power-Up Don't Care                                                            ; On                 ; On                 ;
; Remove Redundant Logic Cells                                                   ; Off                ; Off                ;
; Remove Duplicate Registers                                                     ; On                 ; On                 ;
; Ignore CARRY Buffers                                                           ; Off                ; Off                ;
; Ignore CASCADE Buffers                                                         ; Off                ; Off                ;
; Ignore GLOBAL Buffers                                                          ; Off                ; Off                ;
; Ignore ROW GLOBAL Buffers                                                      ; Off                ; Off                ;
; Ignore LCELL Buffers                                                           ; Off                ; Off                ;
; Ignore SOFT Buffers                                                            ; On                 ; On                 ;
; Limit AHDL Integers to 32 Bits                                                 ; Off                ; Off                ;
; Optimization Technique -- Cyclone II/Cyclone III                               ; Balanced           ; Balanced           ;
; Carry Chain Length -- Stratix/Stratix GX/Cyclone/MAX II/Cyclone II/Cyclone III ; 70                 ; 70                 ;
; Auto Carry Chains                                                              ; On                 ; On                 ;
; Auto Open-Drain Pins                                                           ; On                 ; On                 ;
; Perform WYSIWYG Primitive Resynthesis                                          ; Off                ; Off                ;
; Perform gate-level register retiming                                           ; Off                ; Off                ;
; Allow register retiming to trade off Tsu/Tco with Fmax                         ; On                 ; On                 ;
; Auto ROM Replacement                                                           ; On                 ; On                 ;
; Auto RAM Replacement                                                           ; On                 ; On                 ;
; Auto Shift Register Replacement                                                ; Auto               ; Auto               ;
; Auto Clock Enable Replacement                                                  ; On                 ; On                 ;
; Allow Synchronous Control Signals                                              ; On                 ; On                 ;
; Force Use of Synchronous Clear Signals                                         ; Off                ; Off                ;
; Auto RAM to Logic Cell Conversion                                              ; Off                ; Off                ;
; Auto Resource Sharing                                                          ; Off                ; Off                ;
; Allow Any RAM Size For Recognition                                             ; Off                ; Off                ;
; Allow Any ROM Size For Recognition                                             ; Off                ; Off                ;
; Allow Any Shift Register Size For Recognition                                  ; Off                ; Off                ;
; Maximum Number of M4K/M9K Memory Blocks                                        ; Unlimited          ; Unlimited          ;
; Ignore translate_off and synthesis_off directives                              ; Off                ; Off                ;
; Show Parameter Settings Tables in Synthesis Report                             ; On                 ; On                 ;
; Ignore Maximum Fan-Out Assignments                                             ; Off                ; Off                ;
; Retiming Meta-Stability Register Sequence Length                               ; 2                  ; 2                  ;
; PowerPlay Power Optimization                                                   ; Normal compilation ; Normal compilation ;
; HDL message level                                                              ; Level2             ; Level2             ;
; Suppress Register Optimization Related Messages                                ; Off                ; Off                ;
; Number of Removed Registers Reported in Synthesis Report                       ; 100                ; 100                ;
; Clock MUX Protection                                                           ; On                 ; On                 ;
; Block Design Naming                                                            ; Auto               ; Auto               ;
+--------------------------------------------------------------------------------+--------------------+--------------------+


+--------------------------------------------------------------------------------------------------------------------------------------------+
; Analysis & Synthesis Source Files Read                                                                                                     ;
+----------------------------------+-----------------+------------------------------------+--------------------------------------------------+
; File Name with User-Entered Path ; Used in Netlist ; File Type                          ; File Name with Absolute Path                     ;
+----------------------------------+-----------------+------------------------------------+--------------------------------------------------+
; ../SRC/DIV16.v                   ; yes             ; User Verilog HDL File              ; E:/code/EP2C35_NEW/S9_PS2_LCD/SRC/DIV16.v        ;
; ../SRC/div_256.v                 ; yes             ; User Verilog HDL File              ; E:/code/EP2C35_NEW/S9_PS2_LCD/SRC/div_256.v      ;
; ../SRC/lcd.v                     ; yes             ; User Verilog HDL File              ; E:/code/EP2C35_NEW/S9_PS2_LCD/SRC/lcd.v          ;
; ../SRC/ps2_keyboard.v            ; yes             ; User Verilog HDL File              ; E:/code/EP2C35_NEW/S9_PS2_LCD/SRC/ps2_keyboard.v ;
; ps2tolcd.bdf                     ; yes             ; User Block Diagram/Schematic File  ; E:/code/EP2C35_NEW/S9_PS2_LCD/PROJ/ps2tolcd.bdf  ;
+----------------------------------+-----------------+------------------------------------+--------------------------------------------------+


+-----------------------------------------------------------------+
; Analysis & Synthesis Resource Usage Summary                     ;
+---------------------------------------------+-------------------+
; Resource                                    ; Usage             ;
+---------------------------------------------+-------------------+
; Estimated Total logic elements              ; 367               ;
;                                             ;                   ;
; Total combinational functions               ; 367               ;
; Logic element usage by number of LUT inputs ;                   ;
;     -- 4 input functions                    ; 213               ;
;     -- 3 input functions                    ; 65                ;
;     -- <=2 input functions                  ; 89                ;
;                                             ;                   ;
; Logic elements by mode                      ;                   ;
;     -- normal mode                          ; 320               ;
;     -- arithmetic mode                      ; 47                ;
;                                             ;                   ;
; Total registers                             ; 111               ;
;     -- Dedicated logic registers            ; 111               ;
;     -- I/O registers                        ; 0                 ;
;                                             ;                   ;
; I/O pins                                    ; 23                ;
; Maximum fan-out node                        ; div_256:inst1|clk ;
; Maximum fan-out                             ; 59                ;
; Total fan-out                               ; 1564              ;
; Average fan-out                             ; 3.12              ;
+---------------------------------------------+-------------------+


+-------------------------------------------------------------------------------------------------------------------------------------------------------------------------------------------------------+
; Analysis & Synthesis Resource Utilization by Entity                                                                                                                                                   ;
+-----------------------------------+-------------------+--------------+-------------+--------------+---------+-----------+------+--------------+----------------------------------------+--------------+
; Compilation Hierarchy Node        ; LC Combinationals ; LC Registers ; Memory Bits ; DSP Elements ; DSP 9x9 ; DSP 18x18 ; Pins ; Virtual Pins ; Full Hierarchy Name                    ; Library Name ;
+-----------------------------------+-------------------+--------------+-------------+--------------+---------+-----------+------+--------------+----------------------------------------+--------------+
; |ps2tolcd                         ; 367 (0)           ; 111 (0)      ; 0           ; 0            ; 0       ; 0         ; 23   ; 0            ; |ps2tolcd                              ; work         ;
;    |div_256:inst1|                ; 7 (7)             ; 8 (8)        ; 0           ; 0            ; 0       ; 0         ; 0    ; 0            ; |ps2tolcd|div_256:inst1                ; work         ;
;    |lcd:inst2|                    ; 87 (87)           ; 44 (44)      ; 0           ; 0            ; 0       ; 0         ; 0    ; 0            ; |ps2tolcd|lcd:inst2                    ; work         ;
;    |ps2_keyboard_interface:inst3| ; 273 (273)         ; 59 (59)      ; 0           ; 0            ; 0       ; 0         ; 0    ; 0            ; |ps2tolcd|ps2_keyboard_interface:inst3 ; work         ;
+-----------------------------------+-------------------+--------------+-------------+--------------+---------+-----------+------+--------------+----------------------------------------+--------------+
Note: For table entries with two numbers listed, the numbers in parentheses indicate the number of resources of the given type used by the specific entity alone. The numbers listed outside of parentheses indicate the total resources of the given type used by the specific entity and all of its sub-entities in the hierarchy.


Encoding Type:  One-Hot
+------------------------------------------------------------------------------------------------------------------------------------------------------------------------------------------------------------------------------------------------------------------------------------------------------------------------------------------------------------------------------------------------------------------------------------------------------------------------------------------------------------------+
; State Machine - |ps2tolcd|ps2_keyboard_interface:inst3|m1_state                                                                                                                                                                                                                                                                                                                                                                                                                                                  ;
+--------------------------------------+-----------------------------------+------------------------------------+----------------------------+---------------------------------+---------------------------------+-----------------------------------+--------------------------------------+------------------------------+----------------------------------+----------------------+----------------------+----------------------------+---------------------------+----------------------+----------------------+
; Name                                 ; m1_state.m1_rx_rising_edge_marker ; m1_state.m1_rx_falling_edge_marker ; m1_state.m1_tx_reset_timer ; m1_state.m1_tx_first_wait_clk_l ; m1_state.m1_tx_first_wait_clk_h ; m1_state.m1_tx_rising_edge_marker ; m1_state.m1_tx_error_no_keyboard_ack ; m1_state.m1_tx_done_recovery ; m1_state.m1_tx_wait_keyboard_ack ; m1_state.m1_tx_clk_l ; m1_state.m1_tx_clk_h ; m1_state.m1_tx_force_clk_l ; m1_state.m1_tx_wait_clk_h ; m1_state.m1_rx_clk_l ; m1_state.m1_rx_clk_h ;
+--------------------------------------+-----------------------------------+------------------------------------+----------------------------+---------------------------------+---------------------------------+-----------------------------------+--------------------------------------+------------------------------+----------------------------------+----------------------+----------------------+----------------------------+---------------------------+----------------------+----------------------+
; m1_state.m1_rx_clk_h                 ; 0                                 ; 0                                  ; 0                          ; 0                               ; 0                               ; 0                                 ; 0                                    ; 0                            ; 0                                ; 0                    ; 0                    ; 0                          ; 0                         ; 0                    ; 0                    ;
; m1_state.m1_rx_clk_l                 ; 0                                 ; 0                                  ; 0                          ; 0                               ; 0                               ; 0                                 ; 0                                    ; 0                            ; 0                                ; 0                    ; 0                    ; 0                          ; 0                         ; 1                    ; 1                    ;
; m1_state.m1_tx_wait_clk_h            ; 0                                 ; 0                                  ; 0                          ; 0                               ; 0                               ; 0                                 ; 0                                    ; 0                            ; 0                                ; 0                    ; 0                    ; 0                          ; 1                         ; 0                    ; 1                    ;
; m1_state.m1_tx_force_clk_l           ; 0                                 ; 0                                  ; 0                          ; 0                               ; 0                               ; 0                                 ; 0                                    ; 0                            ; 0                                ; 0                    ; 0                    ; 1                          ; 0                         ; 0                    ; 1                    ;
; m1_state.m1_tx_clk_h                 ; 0                                 ; 0                                  ; 0                          ; 0                               ; 0                               ; 0                                 ; 0                                    ; 0                            ; 0                                ; 0                    ; 1                    ; 0                          ; 0                         ; 0                    ; 1                    ;
; m1_state.m1_tx_clk_l                 ; 0                                 ; 0                                  ; 0                          ; 0                               ; 0                               ; 0                                 ; 0                                    ; 0                            ; 0                                ; 1                    ; 0                    ; 0                          ; 0                         ; 0                    ; 1                    ;
; m1_state.m1_tx_wait_keyboard_ack     ; 0                                 ; 0                                  ; 0                          ; 0                               ; 0                               ; 0                                 ; 0                                    ; 0                            ; 1                                ; 0                    ; 0                    ; 0                          ; 0                         ; 0                    ; 1                    ;
; m1_state.m1_tx_done_recovery         ; 0                                 ; 0                                  ; 0                          ; 0                               ; 0                               ; 0                                 ; 0                                    ; 1                            ; 0                                ; 0                    ; 0                    ; 0                          ; 0                         ; 0                    ; 1                    ;
; m1_state.m1_tx_error_no_keyboard_ack ; 0                                 ; 0                                  ; 0                          ; 0                               ; 0                               ; 0                                 ; 1                                    ; 0                            ; 0                                ; 0                    ; 0                    ; 0                          ; 0                         ; 0                    ; 1                    ;
; m1_state.m1_tx_rising_edge_marker    ; 0                                 ; 0                                  ; 0                          ; 0                               ; 0                               ; 1                                 ; 0                                    ; 0                            ; 0                                ; 0                    ; 0                    ; 0                          ; 0                         ; 0                    ; 1                    ;
; m1_state.m1_tx_first_wait_clk_h      ; 0                                 ; 0                                  ; 0                          ; 0                               ; 1                               ; 0                                 ; 0                                    ; 0                            ; 0                                ; 0                    ; 0                    ; 0                          ; 0                         ; 0                    ; 1                    ;
; m1_state.m1_tx_first_wait_clk_l      ; 0                                 ; 0                                  ; 0                          ; 1                               ; 0                               ; 0                                 ; 0                                    ; 0                            ; 0                                ; 0                    ; 0                    ; 0                          ; 0                         ; 0                    ; 1                    ;
; m1_state.m1_tx_reset_timer           ; 0                                 ; 0                                  ; 1                          ; 0                               ; 0                               ; 0                                 ; 0                                    ; 0                            ; 0                                ; 0                    ; 0                    ; 0                          ; 0                         ; 0                    ; 1                    ;
; m1_state.m1_rx_falling_edge_marker   ; 0                                 ; 1                                  ; 0                          ; 0                               ; 0                               ; 0                                 ; 0                                    ; 0                            ; 0                                ; 0                    ; 0                    ; 0                          ; 0                         ; 0                    ; 1                    ;
; m1_state.m1_rx_rising_edge_marker    ; 1                                 ; 0                                  ; 0                          ; 0                               ; 0                               ; 0                                 ; 0                                    ; 0                            ; 0                                ; 0                    ; 0                    ; 0                          ; 0                         ; 0                    ; 1                    ;
+--------------------------------------+-----------------------------------+------------------------------------+----------------------------+---------------------------------+---------------------------------+-----------------------------------+--------------------------------------+------------------------------+----------------------------------+----------------------+----------------------+----------------------------+---------------------------+----------------------+----------------------+


Encoding Type:  One-Hot
+--------------------------------------------------------------------------------------------------------------------------------------------------------------------------------------------+
; State Machine - |ps2tolcd|lcd:inst2|state                                                                                                                                                  ;
+--------------------+------------+----------------+----------------+----------------+-------------------+-------------+------------------+---------------+--------------------+-------------+
; Name               ; state.IDLE ; state.WRITERAM ; state.SETDDRAM ; state.SETCGRAM ; state.SETFUNCTION ; state.SHIFT ; state.SWITCHMODE ; state.SETMODE ; state.RETURNCURSOR ; state.CLEAR ;
+--------------------+------------+----------------+----------------+----------------+-------------------+-------------+------------------+---------------+--------------------+-------------+
; state.IDLE         ; 0          ; 0              ; 0              ; 0              ; 0                 ; 0           ; 0                ; 0             ; 0                  ; 0           ;
; state.CLEAR        ; 1          ; 0              ; 0              ; 0              ; 0                 ; 0           ; 0                ; 0             ; 0                  ; 1           ;
; state.RETURNCURSOR ; 1          ; 0              ; 0              ; 0              ; 0                 ; 0           ; 0                ; 0             ; 1                  ; 0           ;
; state.SETMODE      ; 1          ; 0              ; 0              ; 0              ; 0                 ; 0           ; 0                ; 1             ; 0                  ; 0           ;
; state.SWITCHMODE   ; 1          ; 0              ; 0              ; 0              ; 0                 ; 0           ; 1                ; 0             ; 0                  ; 0           ;
; state.SHIFT        ; 1          ; 0              ; 0              ; 0              ; 0                 ; 1           ; 0                ; 0             ; 0                  ; 0           ;
; state.SETFUNCTION  ; 1          ; 0              ; 0              ; 0              ; 1                 ; 0           ; 0                ; 0             ; 0                  ; 0           ;
; state.SETCGRAM     ; 1          ; 0              ; 0              ; 1              ; 0                 ; 0           ; 0                ; 0             ; 0                  ; 0           ;
; state.SETDDRAM     ; 1          ; 0              ; 1              ; 0              ; 0                 ; 0           ; 0                ; 0             ; 0                  ; 0           ;
; state.WRITERAM     ; 1          ; 1              ; 0              ; 0              ; 0                 ; 0           ; 0                ; 0             ; 0                  ; 0           ;
+--------------------+------------+----------------+----------------+----------------+-------------------+-------------+------------------+---------------+--------------------+-------------+


+------------------------------------------------------------------------------------------------------------------------+
; User-Specified and Inferred Latches                                                                                    ;
+----------------------------------------------------+------------------------------------------+------------------------+
; Latch Name                                         ; Latch Enable Signal                      ; Free of Timing Hazards ;
+----------------------------------------------------+------------------------------------------+------------------------+
; lcd:inst2|data_in_buf[1]                           ; ps2_keyboard_interface:inst3|rx_released ; yes                    ;
; lcd:inst2|data_in_buf[2]                           ; ps2_keyboard_interface:inst3|rx_released ; yes                    ;
; lcd:inst2|data_in_buf[3]                           ; ps2_keyboard_interface:inst3|rx_released ; yes                    ;
; lcd:inst2|data_in_buf[4]                           ; ps2_keyboard_interface:inst3|rx_released ; yes                    ;
; lcd:inst2|data_in_buf[5]                           ; ps2_keyboard_interface:inst3|rx_released ; yes                    ;
; lcd:inst2|data_in_buf[6]                           ; ps2_keyboard_interface:inst3|rx_released ; yes                    ;
; lcd:inst2|data_in_buf[0]                           ; ps2_keyboard_interface:inst3|rx_released ; yes                    ;
; Number of user-specified and inferred latches = 7  ;                                          ;                        ;
+----------------------------------------------------+------------------------------------------+------------------------+
Note: All latches listed above may not be present at the end of synthesis due to various synthesis optimizations.


+-------------------------------------------------------------------------------------------------------+
; Registers Removed During Synthesis                                                                    ;
+--------------------------------------------------------------+----------------------------------------+
; Register name                                                ; Reason for Removal                     ;
+--------------------------------------------------------------+----------------------------------------+
; ps2_keyboard_interface:inst3|rx_ascii[7]                     ; Stuck at GND due to stuck port data_in ;
; div16:inst|count[0]                                          ; Merged with div_256:inst1|count[0]     ;
; lcd:inst2|lcd_rw                                             ; Stuck at GND due to stuck port data_in ;
; ps2_keyboard_interface:inst3|m1_state.m1_tx_reset_timer      ; Lost fanout                            ;
; lcd:inst2|state.RETURNCURSOR                                 ; Lost fanout                            ;
; lcd:inst2|state.SETCGRAM                                     ; Lost fanout                            ;
; ps2_keyboard_interface:inst3|m1_state~45                     ; Lost fanout                            ;
; ps2_keyboard_interface:inst3|m1_state~46                     ; Lost fanout                            ;
; ps2_keyboard_interface:inst3|m1_state~47                     ; Lost fanout                            ;
; ps2_keyboard_interface:inst3|m1_state~48                     ; Lost fanout                            ;
; lcd:inst2|state~34                                           ; Lost fanout                            ;
; lcd:inst2|state~36                                           ; Lost fanout                            ;
; ps2_keyboard_interface:inst3|m1_state.m1_tx_force_clk_l      ; Stuck at GND due to stuck port data_in ;
; ps2_keyboard_interface:inst3|m1_state.m1_tx_first_wait_clk_h ; Stuck at GND due to stuck port data_in ;
; div16:inst|count[1]                                          ; Merged with div_256:inst1|count[1]     ;
; div16:inst|count[2]                                          ; Merged with div_256:inst1|count[2]     ;
; div16:inst|count[3]                                          ; Merged with div_256:inst1|count[3]     ;
; ps2_keyboard_interface:inst3|m1_state.m1_tx_first_wait_clk_l ; Stuck at GND due to stuck port data_in ;
; Total Number of Removed Registers = 18                       ;                                        ;
+--------------------------------------------------------------+----------------------------------------+


+------------------------------------------------------+
; General Register Statistics                          ;
+----------------------------------------------+-------+
; Statistic                                    ; Value ;
+----------------------------------------------+-------+
; Total registers                              ; 111   ;
; Number of registers using Synchronous Clear  ; 56    ;
; Number of registers using Synchronous Load   ; 0     ;
; Number of registers using Asynchronous Clear ; 16    ;
; Number of registers using Asynchronous Load  ; 0     ;
; Number of registers using Clock Enable       ; 35    ;
; Number of registers using Preset             ; 0     ;
+----------------------------------------------+-------+


+-------------------------------------------------------------------------------------------------------------------------------------------------------------------+
; Multiplexer Restructuring Statistics (Restructuring Performed)                                                                                                    ;
+--------------------+-----------+---------------+----------------------+------------------------+------------+-----------------------------------------------------+
; Multiplexer Inputs ; Bus Width ; Baseline Area ; Area if Restructured ; Saving if Restructured ; Registered ; Example Multiplexer Output                          ;
+--------------------+-----------+---------------+----------------------+------------------------+------------+-----------------------------------------------------+
; 3:1                ; 11 bits   ; 22 LEs        ; 11 LEs               ; 11 LEs                 ; Yes        ; |ps2tolcd|ps2_keyboard_interface:inst3|q[10]        ;
; 3:1                ; 4 bits    ; 8 LEs         ; 4 LEs                ; 4 LEs                  ; Yes        ; |ps2tolcd|ps2_keyboard_interface:inst3|bit_count[1] ;
; 3:1                ; 16 bits   ; 32 LEs        ; 16 LEs               ; 16 LEs                 ; Yes        ; |ps2tolcd|lcd:inst2|clkcnt[3]                       ;
; 3:1                ; 8 bits    ; 16 LEs        ; 8 LEs                ; 8 LEs                  ; Yes        ; |ps2tolcd|ps2_keyboard_interface:inst3|rx_ascii[1]  ;
; 4:1                ; 7 bits    ; 14 LEs        ; 14 LEs               ; 0 LEs                  ; Yes        ; |ps2tolcd|lcd:inst2|count[4]                        ;
; 4:1                ; 2 bits    ; 4 LEs         ; 2 LEs                ; 2 LEs                  ; No         ; |ps2tolcd|lcd:inst2|data~16                         ;
+--------------------+-----------+---------------+----------------------+------------------------+------------+-----------------------------------------------------+


+--------------------------------------------------------+
; Parameter Settings for User Entity Instance: lcd:inst2 ;
+----------------+-------------+-------------------------+
; Parameter Name ; Value       ; Type                    ;
+----------------+-------------+-------------------------+
; IDLE           ; 00000000000 ; Unsigned Binary         ;
; CLEAR          ; 00000000001 ; Unsigned Binary         ;
; RETURNCURSOR   ; 00000000010 ; Unsigned Binary         ;
; SETMODE        ; 00000000100 ; Unsigned Binary         ;
; SWITCHMODE     ; 00000001000 ; Unsigned Binary         ;
; SHIFT          ; 00000010000 ; Unsigned Binary         ;
; SETFUNCTION    ; 00000100000 ; Unsigned Binary         ;
; SETCGRAM       ; 00001000000 ; Unsigned Binary         ;
; SETDDRAM       ; 00010000000 ; Unsigned Binary         ;
; READFLAG       ; 00100000000 ; Unsigned Binary         ;
; WRITERAM       ; 01000000000 ; Unsigned Binary         ;
; READRAM        ; 10000000000 ; Unsigned Binary         ;
; cur_inc        ; 1           ; Untyped                 ;
; cur_dec        ; 0           ; Untyped                 ;
; cur_shift      ; 1           ; Untyped                 ;
; cur_noshift    ; 0           ; Untyped                 ;
; open_display   ; 1           ; Untyped                 ;
; open_cur       ; 0           ; Untyped                 ;
; blank_cur      ; 0           ; Untyped                 ;
; shift_display  ; 1           ; Untyped                 ;
; shift_cur      ; 0           ; Untyped                 ;
; right_shift    ; 1           ; Untyped                 ;
; left_shift     ; 0           ; Untyped                 ;
; datawidth8     ; 1           ; Untyped                 ;
; datawidth4     ; 0           ; Untyped                 ;
; twoline        ; 1           ; Untyped                 ;
; oneline        ; 0           ; Untyped                 ;
; font5x10       ; 1           ; Untyped                 ;
; font5x7        ; 0           ; Untyped                 ;
+----------------+-------------+-------------------------+
Note: In order to hide this table in the UI and the text report file, please set the "Show Parameter Settings Tables in Synthesis Report" option in "Analysis and Synthesis Settings -> More Settings" to "Off".


+---------------------------------------------------------------------------+
; Parameter Settings for User Entity Instance: ps2_keyboard_interface:inst3 ;
+-----------------------------+-------+-------------------------------------+
; Parameter Name              ; Value ; Type                                ;
+-----------------------------+-------+-------------------------------------+
; TIMER_60USEC_VALUE_PP       ; 2950  ; Untyped                             ;
; TIMER_60USEC_BITS_PP        ; 12    ; Untyped                             ;
; TIMER_5USEC_VALUE_PP        ; 186   ; Untyped                             ;
; TIMER_5USEC_BITS_PP         ; 8     ; Untyped                             ;
; TRAP_SHIFT_KEYS_PP          ; 0     ; Untyped                             ;
; m1_rx_clk_h                 ; 1     ; Untyped                             ;
; m1_rx_clk_l                 ; 0     ; Untyped                             ;
; m1_rx_falling_edge_marker   ; 13    ; Untyped                             ;
; m1_rx_rising_edge_marker    ; 14    ; Untyped                             ;
; m1_tx_force_clk_l           ; 3     ; Untyped                             ;
; m1_tx_first_wait_clk_h      ; 10    ; Untyped                             ;
; m1_tx_first_wait_clk_l      ; 11    ; Untyped                             ;
; m1_tx_reset_timer           ; 12    ; Untyped                             ;
; m1_tx_wait_clk_h            ; 2     ; Untyped                             ;
; m1_tx_clk_h                 ; 4     ; Untyped                             ;
; m1_tx_clk_l                 ; 5     ; Untyped                             ;
; m1_tx_wait_keyboard_ack     ; 6     ; Untyped                             ;
; m1_tx_done_recovery         ; 7     ; Untyped                             ;
; m1_tx_error_no_keyboard_ack ; 8     ; Untyped                             ;
; m1_tx_rising_edge_marker    ; 9     ; Untyped                             ;
; m2_rx_data_ready            ; 1     ; Untyped                             ;
; m2_rx_data_ready_ack        ; 0     ; Untyped                             ;
+-----------------------------+-------+-------------------------------------+
Note: In order to hide this table in the UI and the text report file, please set the "Show Parameter Settings Tables in Synthesis Report" option in "Analysis and Synthesis Settings -> More Settings" to "Off".


+-------------------------------+
; Analysis & Synthesis Messages ;
+-------------------------------+
Info: *******************************************************************
Info: Running Quartus II Analysis & Synthesis
    Info: Version 7.2 Build 151 09/26/2007 SJ Full Version
    Info: Processing started: Tue Mar 31 17:36:06 2009
Info: Command: quartus_map --read_settings_files=on --write_settings_files=off ps2tolcd -c ps2tolcd
Info: Found 1 design units, including 1 entities, in source file ../SRC/DIV16.v
    Info: Found entity 1: div16
Info: Found 1 design units, including 1 entities, in source file ../SRC/div_256.v
    Info: Found entity 1: div_256
Info: Found 1 design units, including 1 entities, in source file ../SRC/lcd.v
    Info: Found entity 1: lcd
Info: Found 1 design units, including 1 entities, in source file ../SRC/ps2_keyboard.v
    Info: Found entity 1: ps2_keyboard_interface
Info: Found 1 design units, including 1 entities, in source file ps2tolcd.bdf
    Info: Found entity 1: ps2tolcd
Info: Elaborating entity "ps2tolcd" for the top level hierarchy
Warning: Processing legacy GDF or BDF entity "ps2tolcd" with Max+Plus II bus and instance naming rules
Info: Elaborating entity "lcd" for hierarchy "lcd:inst2"
Warning (10230): Verilog HDL assignment warning at lcd.v(66): truncated value with size 32 to match size of target (16)
Warning (10230): Verilog HDL assignment warning at lcd.v(70): truncated value with size 32 to match size of target (1)
Warning (10230): Verilog HDL assignment warning at lcd.v(114): truncated value with size 32 to match size of target (1)
Warning (10230): Verilog HDL assignment warning at lcd.v(118): truncated value with size 32 to match size of target (1)
Warning (10230): Verilog HDL assignment warning at lcd.v(120): truncated value with size 32 to match size of target (1)
Warning (10230): Verilog HDL assignment warning at lcd.v(122): truncated value with size 32 to match size of target (1)
Warning (10230): Verilog HDL assignment warning at lcd.v(127): truncated value with size 32 to match size of target (7)
Warning (10230): Verilog HDL assignment warning at lcd.v(133): truncated value with size 32 to match size of target (7)
Warning (10240): Verilog HDL Always Construct warning at lcd.v(93): inferring latch(es) for variable "data_in_buf", which holds its previous value in one or more paths through the always construct
Info (10041): Inferred latch for "data_in_buf[0]" at lcd.v(93)
Info (10041): Inferred latch for "data_in_buf[1]" at lcd.v(93)
Info (10041): Inferred latch for "data_in_buf[2]" at lcd.v(93)
Info (10041): Inferred latch for "data_in_buf[3]" at lcd.v(93)
Info (10041): Inferred latch for "data_in_buf[4]" at lcd.v(93)
Info (10041): Inferred latch for "data_in_buf[5]" at lcd.v(93)
Info (10041): Inferred latch for "data_in_buf[6]" at lcd.v(93)
Info (10041): Inferred latch for "data_in_buf[7]" at lcd.v(93)
Info: Elaborating entity "div16" for hierarchy "div16:inst"
Warning (10230): Verilog HDL assignment warning at DIV16.v(12): truncated value with size 32 to match size of target (4)
Info: Elaborating entity "ps2_keyboard_interface" for hierarchy "ps2_keyboard_interface:inst3"
Warning (10230): Verilog HDL assignment warning at ps2_keyboard.v(416): truncated value with size 32 to match size of target (1)
Warning (10230): Verilog HDL assignment warning at ps2_keyboard.v(427): truncated value with size 32 to match size of target (1)
Warning (10230): Verilog HDL assignment warning at ps2_keyboard.v(428): truncated value with size 32 to match size of target (1)
Warning (10230): Verilog HDL assignment warning at ps2_keyboard.v(433): truncated value with size 32 to match size of target (1)
Warning (10230): Verilog HDL assignment warning at ps2_keyboard.v(434): truncated value with size 32 to match size of target (1)
Warning (10230): Verilog HDL assignment warning at ps2_keyboard.v(436): truncated value with size 32 to match size of target (1)
Warning (10230): Verilog HDL assignment warning at ps2_keyboard.v(454): truncated value with size 32 to match size of target (4)
Warning (10230): Verilog HDL assignment warning at ps2_keyboard.v(483): truncated value with size 32 to match size of target (12)
Warning (10230): Verilog HDL assignment warning at ps2_keyboard.v(491): truncated value with size 32 to match size of target (8)
Info: Elaborating entity "div_256" for hierarchy "div_256:inst1"
Warning (10230): Verilog HDL assignment warning at div_256.v(16): truncated value with size 32 to match size of target (7)
Warning (14130): Reduced register "ps2_keyboard_interface:inst3|rx_ascii[7]" with stuck data_in port to stuck value GND
Info: Duplicate registers merged to single register
    Info: Duplicate register "div16:inst|count[0]" merged to single register "div_256:inst1|count[0]"
Warning (14130): Reduced register "lcd:inst2|lcd_rw" with stuck data_in port to stuck value GND
Info: State machine "|ps2tolcd|ps2_keyboard_interface:inst3|m1_state" contains 15 states
Info: State machine "|ps2tolcd|lcd:inst2|state" contains 10 states
Info: Selected Auto state machine encoding method for state machine "|ps2tolcd|ps2_keyboard_interface:inst3|m1_state"
Info: Encoding result for state machine "|ps2tolcd|ps2_keyboard_interface:inst3|m1_state"
    Info: Completed encoding using 15 state bits
        Info: Encoded state bit "ps2_keyboard_interface:inst3|m1_state.m1_rx_rising_edge_marker"
        Info: Encoded state bit "ps2_keyboard_interface:inst3|m1_state.m1_rx_falling_edge_marker"
        Info: Encoded state bit "ps2_keyboard_interface:inst3|m1_state.m1_tx_reset_timer"
        Info: Encoded state bit "ps2_keyboard_interface:inst3|m1_state.m1_tx_first_wait_clk_l"
        Info: Encoded state bit "ps2_keyboard_interface:inst3|m1_state.m1_tx_first_wait_clk_h"
        Info: Encoded state bit "ps2_keyboard_interface:inst3|m1_state.m1_tx_rising_edge_marker"
        Info: Encoded state bit "ps2_keyboard_interface:inst3|m1_state.m1_tx_error_no_keyboard_ack"
        Info: Encoded state bit "ps2_keyboard_interface:inst3|m1_state.m1_tx_done_recovery"
        Info: Encoded state bit "ps2_keyboard_interface:inst3|m1_state.m1_tx_wait_keyboard_ack"
        Info: Encoded state bit "ps2_keyboard_interface:inst3|m1_state.m1_tx_clk_l"
        Info: Encoded state bit "ps2_keyboard_interface:inst3|m1_state.m1_tx_clk_h"
        Info: Encoded state bit "ps2_keyboard_interface:inst3|m1_state.m1_tx_force_clk_l"
        Info: Encoded state bit "ps2_keyboard_interface:inst3|m1_state.m1_tx_wait_clk_h"
        Info: Encoded state bit "ps2_keyboard_interface:inst3|m1_state.m1_rx_clk_l"
        Info: Encoded state bit "ps2_keyboard_interface:inst3|m1_state.m1_rx_clk_h"
    Info: State "|ps2tolcd|ps2_keyboard_interface:inst3|m1_state.m1_rx_clk_h" uses code string "000000000000000"
    Info: State "|ps2tolcd|ps2_keyboard_interface:inst3|m1_state.m1_rx_clk_l" uses code string "000000000000011"
    Info: State "|ps2tolcd|ps2_keyboard_interface:inst3|m1_state.m1_tx_wait_clk_h" uses code string "000000000000101"
    Info: State "|ps2tolcd|ps2_keyboard_interface:inst3|m1_state.m1_tx_force_clk_l" uses code string "000000000001001"
    Info: State "|ps2tolcd|ps2_keyboard_interface:inst3|m1_state.m1_tx_clk_h" uses code string "000000000010001"
    Info: State "|ps2tolcd|ps2_keyboard_interface:inst3|m1_state.m1_tx_clk_l" uses code string "000000000100001"
    Info: State "|ps2tolcd|ps2_keyboard_interface:inst3|m1_state.m1_tx_wait_keyboard_ack" uses code string "000000001000001"
    Info: State "|ps2tolcd|ps2_keyboard_interface:inst3|m1_state.m1_tx_done_recovery" uses code string "000000010000001"
    Info: State "|ps2tolcd|ps2_keyboard_interface:inst3|m1_state.m1_tx_error_no_keyboard_ack" uses code string "000000100000001"
    Info: State "|ps2tolcd|ps2_keyboard_interface:inst3|m1_state.m1_tx_rising_edge_marker" uses code string "000001000000001"
    Info: State "|ps2tolcd|ps2_keyboard_interface:inst3|m1_state.m1_tx_first_wait_clk_h" uses code string "000010000000001"
    Info: State "|ps2tolcd|ps2_keyboard_interface:inst3|m1_state.m1_tx_first_wait_clk_l" uses code string "000100000000001"
    Info: State "|ps2tolcd|ps2_keyboard_interface:inst3|m1_state.m1_tx_reset_timer" uses code string "001000000000001"
    Info: State "|ps2tolcd|ps2_keyboard_interface:inst3|m1_state.m1_rx_falling_edge_marker" uses code string "010000000000001"
    Info: State "|ps2tolcd|ps2_keyboard_interface:inst3|m1_state.m1_rx_rising_edge_marker" uses code string "100000000000001"
Info: Selected Auto state machine encoding method for state machine "|ps2tolcd|lcd:inst2|state"
Info: Encoding result for state machine "|ps2tolcd|lcd:inst2|state"
    Info: Completed encoding using 10 state bits
        Info: Encoded state bit "lcd:inst2|state.IDLE"
        Info: Encoded state bit "lcd:inst2|state.WRITERAM"
        Info: Encoded state bit "lcd:inst2|state.SETDDRAM"
        Info: Encoded state bit "lcd:inst2|state.SETCGRAM"
        Info: Encoded state bit "lcd:inst2|state.SETFUNCTION"
        Info: Encoded state bit "lcd:inst2|state.SHIFT"
        Info: Encoded state bit "lcd:inst2|state.SWITCHMODE"
        Info: Encoded state bit "lcd:inst2|state.SETMODE"
        Info: Encoded state bit "lcd:inst2|state.RETURNCURSOR"
        Info: Encoded state bit "lcd:inst2|state.CLEAR"
    Info: State "|ps2tolcd|lcd:inst2|state.IDLE" uses code string "0000000000"
    Info: State "|ps2tolcd|lcd:inst2|state.CLEAR" uses code string "1000000001"
    Info: State "|ps2tolcd|lcd:inst2|state.RETURNCURSOR" uses code string "1000000010"
    Info: State "|ps2tolcd|lcd:inst2|state.SETMODE" uses code string "1000000100"
    Info: State "|ps2tolcd|lcd:inst2|state.SWITCHMODE" uses code string "1000001000"
    Info: State "|ps2tolcd|lcd:inst2|state.SHIFT" uses code string "1000010000"
    Info: State "|ps2tolcd|lcd:inst2|state.SETFUNCTION" uses code string "1000100000"
    Info: State "|ps2tolcd|lcd:inst2|state.SETCGRAM" uses code string "1001000000"
    Info: State "|ps2tolcd|lcd:inst2|state.SETDDRAM" uses code string "1010000000"
    Info: State "|ps2tolcd|lcd:inst2|state.WRITERAM" uses code string "1100000000"
Warning (14130): Reduced register "ps2_keyboard_interface:inst3|m1_state.m1_tx_force_clk_l" with stuck data_in port to stuck value GND
Warning (14130): Reduced register "ps2_keyboard_interface:inst3|m1_state.m1_tx_first_wait_clk_h" with stuck data_in port to stuck value GND
Info: Duplicate registers merged to single register
    Info: Duplicate register "div16:inst|count[1]" merged to single register "div_256:inst1|count[1]"
    Info: Duplicate register "div16:inst|count[2]" merged to single register "div_256:inst1|count[2]"
    Info: Duplicate register "div16:inst|count[3]" merged to single register "div_256:inst1|count[3]"
Warning (14130): Reduced register "ps2_keyboard_interface:inst3|m1_state.m1_tx_first_wait_clk_l" with stuck data_in port to stuck value GND
Warning: Output pins are stuck at VCC or GND
    Warning (13410): Pin "lcd_rw" stuck at GND
    Warning (13410): Pin "led[7]" stuck at GND
Info: 9 registers lost all their fanouts during netlist optimizations. The first 9 are displayed below.
    Info: Register "ps2_keyboard_interface:inst3|m1_state.m1_tx_reset_timer" lost all its fanouts during netlist optimizations.
    Info: Register "lcd:inst2|state.RETURNCURSOR" lost all its fanouts during netlist optimizations.
    Info: Register "lcd:inst2|state.SETCGRAM" lost all its fanouts during netlist optimizations.
    Info: Register "ps2_keyboard_interface:inst3|m1_state~45" lost all its fanouts during netlist optimizations.
    Info: Register "ps2_keyboard_interface:inst3|m1_state~46" lost all its fanouts during netlist optimizations.
    Info: Register "ps2_keyboard_interface:inst3|m1_state~47" lost all its fanouts during netlist optimizations.
    Info: Register "ps2_keyboard_interface:inst3|m1_state~48" lost all its fanouts during netlist optimizations.
    Info: Register "lcd:inst2|state~34" lost all its fanouts during netlist optimizations.
    Info: Register "lcd:inst2|state~36" lost all its fanouts during netlist optimizations.
Info: Implemented 398 device resources after synthesis - the final resource count might be different
    Info: Implemented 2 input pins
    Info: Implemented 19 output pins
    Info: Implemented 2 bidirectional pins
    Info: Implemented 375 logic cells
Info: Quartus II Analysis & Synthesis was successful. 0 errors, 29 warnings
    Info: Allocated 148 megabytes of memory during processing
    Info: Processing ended: Tue Mar 31 17:36:12 2009
    Info: Elapsed time: 00:00:06


