
*** Running vivado
    with args -log uart_tx_test.vdi -applog -m64 -product Vivado -messageDb vivado.pb -mode batch -source uart_tx_test.tcl -notrace


****** Vivado v2018.3 (64-bit)
  **** SW Build 2405991 on Thu Dec  6 23:38:27 MST 2018
  **** IP Build 2404404 on Fri Dec  7 01:43:56 MST 2018
    ** Copyright 1986-2018 Xilinx, Inc. All Rights Reserved.

source uart_tx_test.tcl -notrace
Command: link_design -top uart_tx_test -part xc7z010clg400-1
Design is defaulting to srcset: sources_1
Design is defaulting to constrset: constrs_1
INFO: [Project 1-454] Reading design checkpoint 'h:/my_workshop/learn_fpga/prj/uart_tx/uart_tx.srcs/sources_1/ip/vio_0/vio_0.dcp' for cell 'vio_0'
INFO: [Netlist 29-17] Analyzing 7 Unisim elements for replacement
INFO: [Netlist 29-28] Unisim Transformation completed in 0 CPU seconds
INFO: [Project 1-479] Netlist was created with Vivado 2018.3
INFO: [Device 21-403] Loading part xc7z010clg400-1
INFO: [Project 1-570] Preparing netlist for logic optimization
INFO: [Chipscope 16-324] Core: vio_0 UUID: 3e848536-4072-5514-988e-f94a9a327d34 
Parsing XDC File [h:/my_workshop/learn_fpga/prj/uart_tx/uart_tx.srcs/sources_1/ip/vio_0/vio_0.xdc] for cell 'vio_0'
Finished Parsing XDC File [h:/my_workshop/learn_fpga/prj/uart_tx/uart_tx.srcs/sources_1/ip/vio_0/vio_0.xdc] for cell 'vio_0'
Parsing XDC File [H:/my_workshop/learn_fpga/prj/uart_tx/uart_tx.srcs/constrs_1/new/uart_tx_test_pin.xdc]
Finished Parsing XDC File [H:/my_workshop/learn_fpga/prj/uart_tx/uart_tx.srcs/constrs_1/new/uart_tx_test_pin.xdc]
INFO: [Opt 31-138] Pushed 0 inverter(s) to 0 load pin(s).
Netlist sorting complete. Time (s): cpu = 00:00:00 ; elapsed = 00:00:00 . Memory (MB): peak = 692.160 ; gain = 0.000
INFO: [Project 1-111] Unisim Transformation Summary:
No Unisim elements were transformed.

9 Infos, 0 Warnings, 0 Critical Warnings and 0 Errors encountered.
link_design completed successfully
INFO: [Common 17-600] The following parameters have non-default value.
tcl.collectionResultDisplayLimit
Command: opt_design
Attempting to get a license for feature 'Implementation' and/or device 'xc7z010'
INFO: [Common 17-349] Got license for feature 'Implementation' and/or device 'xc7z010'
Running DRC as a precondition to command opt_design

Starting DRC Task
INFO: [DRC 23-27] Running DRC with 2 threads
INFO: [Project 1-461] DRC finished with 0 Errors
INFO: [Project 1-462] Please refer to the DRC report (report_drc) for more information.

Time (s): cpu = 00:00:01 ; elapsed = 00:00:00.340 . Memory (MB): peak = 705.305 ; gain = 13.145

Starting Cache Timing Information Task
INFO: [Timing 38-35] Done setting XDC timing constraints.
Ending Cache Timing Information Task | Checksum: 192e78f62

Time (s): cpu = 00:00:05 ; elapsed = 00:00:05 . Memory (MB): peak = 1251.652 ; gain = 546.348

Starting Logic Optimization Task

Phase 1 Generate And Synthesize Debug Cores
INFO: [Chipscope 16-329] Generating Script for core instance : dbg_hub 
INFO: [IP_Flow 19-3806] Processing IP xilinx.com:ip:xsdbm:3.0 for cell dbg_hub_CV.
CRITICAL WARNING: [Common 17-55] 'get_property' expects at least one object. [h:/my_workshop/learn_fpga/prj/uart_tx/uart_tx.runs/impl_1/.Xil/Vivado-7892-nebulabhm-PC/dbg_hub_CV.0/out/xsdbm_cc_late_late.xdc:10]
Resolution: If [get_<value>] was used to populate the object, check to make sure this command returns at least one valid object.
CRITICAL WARNING: [Common 17-1548] Command failed: can't read "wr_clk_period": no such variable
 [h:/my_workshop/learn_fpga/prj/uart_tx/uart_tx.runs/impl_1/.Xil/Vivado-7892-nebulabhm-PC/dbg_hub_CV.0/out/xsdbm_cc_late_late.xdc:12]
CRITICAL WARNING: [Common 17-1548] Command failed: can't read "skew_value": no such variable
 [h:/my_workshop/learn_fpga/prj/uart_tx/uart_tx.runs/impl_1/.Xil/Vivado-7892-nebulabhm-PC/dbg_hub_CV.0/out/xsdbm_cc_late_late.xdc:17]
CRITICAL WARNING: [Common 17-55] 'get_property' expects at least one object. [h:/my_workshop/learn_fpga/prj/uart_tx/uart_tx.runs/impl_1/.Xil/Vivado-7892-nebulabhm-PC/dbg_hub_CV.0/out/xsdbm_cc_late_late.xdc:19]
Resolution: If [get_<value>] was used to populate the object, check to make sure this command returns at least one valid object.
CRITICAL WARNING: [Common 17-1548] Command failed: can't read "skew_value": no such variable
 [h:/my_workshop/learn_fpga/prj/uart_tx/uart_tx.runs/impl_1/.Xil/Vivado-7892-nebulabhm-PC/dbg_hub_CV.0/out/xsdbm_cc_late_late.xdc:20]
CRITICAL WARNING: [Common 17-55] 'get_property' expects at least one object. [h:/my_workshop/learn_fpga/prj/uart_tx/uart_tx.runs/impl_1/.Xil/Vivado-7892-nebulabhm-PC/dbg_hub_CV.0/out/xsdbm_cc_late_late.xdc:24]
Resolution: If [get_<value>] was used to populate the object, check to make sure this command returns at least one valid object.
CRITICAL WARNING: [Common 17-1548] Command failed: can't read "rd_clk_period_2": no such variable
 [h:/my_workshop/learn_fpga/prj/uart_tx/uart_tx.runs/impl_1/.Xil/Vivado-7892-nebulabhm-PC/dbg_hub_CV.0/out/xsdbm_cc_late_late.xdc:25]
CRITICAL WARNING: [Common 17-55] 'get_property' expects at least one object. [h:/my_workshop/learn_fpga/prj/uart_tx/uart_tx.runs/impl_1/.Xil/Vivado-7892-nebulabhm-PC/dbg_hub_CV.0/out/xsdbm_cc_late_late.xdc:32]
Resolution: If [get_<value>] was used to populate the object, check to make sure this command returns at least one valid object.
CRITICAL WARNING: [Common 17-1548] Command failed: can't read "skew_value_2": no such variable
 [h:/my_workshop/learn_fpga/prj/uart_tx/uart_tx.runs/impl_1/.Xil/Vivado-7892-nebulabhm-PC/dbg_hub_CV.0/out/xsdbm_cc_late_late.xdc:33]
CRITICAL WARNING: [Common 17-1548] Command failed: can't read "skew_value_2": no such variable
 [h:/my_workshop/learn_fpga/prj/uart_tx/uart_tx.runs/impl_1/.Xil/Vivado-7892-nebulabhm-PC/dbg_hub_CV.0/out/xsdbm_cc_late_late.xdc:36]
Netlist sorting complete. Time (s): cpu = 00:00:00 ; elapsed = 00:00:00.024 . Memory (MB): peak = 1364.500 ; gain = 0.000
Phase 1 Generate And Synthesize Debug Cores | Checksum: 107a25d0a

Time (s): cpu = 00:00:01 ; elapsed = 00:00:58 . Memory (MB): peak = 1364.500 ; gain = 18.277

Phase 2 Retarget
INFO: [Opt 31-138] Pushed 0 inverter(s) to 0 load pin(s).
INFO: [Opt 31-49] Retargeted 0 cell(s).
Phase 2 Retarget | Checksum: 1839247bd

Time (s): cpu = 00:00:02 ; elapsed = 00:00:58 . Memory (MB): peak = 1364.500 ; gain = 18.277
INFO: [Opt 31-389] Phase Retarget created 0 cells and removed 6 cells
INFO: [Opt 31-1021] In phase Retarget, 168 netlist objects are constrained preventing optimization. Please run opt_design with -debug_log to get more detail. 

Phase 3 Constant propagation
INFO: [Opt 31-138] Pushed 0 inverter(s) to 0 load pin(s).
Phase 3 Constant propagation | Checksum: 110618622

Time (s): cpu = 00:00:02 ; elapsed = 00:00:58 . Memory (MB): peak = 1364.500 ; gain = 18.277
INFO: [Opt 31-389] Phase Constant propagation created 5 cells and removed 25 cells
INFO: [Opt 31-1021] In phase Constant propagation, 163 netlist objects are constrained preventing optimization. Please run opt_design with -debug_log to get more detail. 

Phase 4 Sweep
Phase 4 Sweep | Checksum: df248de5

Time (s): cpu = 00:00:02 ; elapsed = 00:00:58 . Memory (MB): peak = 1364.500 ; gain = 18.277
INFO: [Opt 31-389] Phase Sweep created 0 cells and removed 2 cells
INFO: [Opt 31-1021] In phase Sweep, 850 netlist objects are constrained preventing optimization. Please run opt_design with -debug_log to get more detail. 

Phase 5 BUFG optimization
Phase 5 BUFG optimization | Checksum: df248de5

Time (s): cpu = 00:00:02 ; elapsed = 00:00:58 . Memory (MB): peak = 1364.500 ; gain = 18.277
INFO: [Opt 31-662] Phase BUFG optimization created 0 cells of which 0 are BUFGs and removed 0 cells.

Phase 6 Shift Register Optimization
Phase 6 Shift Register Optimization | Checksum: 1ebb5c779

Time (s): cpu = 00:00:02 ; elapsed = 00:00:58 . Memory (MB): peak = 1364.500 ; gain = 18.277
INFO: [Opt 31-389] Phase Shift Register Optimization created 0 cells and removed 0 cells

Phase 7 Post Processing Netlist
Phase 7 Post Processing Netlist | Checksum: 1ebb5c779

Time (s): cpu = 00:00:02 ; elapsed = 00:00:58 . Memory (MB): peak = 1364.500 ; gain = 18.277
INFO: [Opt 31-389] Phase Post Processing Netlist created 0 cells and removed 0 cells
INFO: [Opt 31-1021] In phase Post Processing Netlist, 60 netlist objects are constrained preventing optimization. Please run opt_design with -debug_log to get more detail. 
Opt_design Change Summary
=========================


-------------------------------------------------------------------------------------------------------------------------
|  Phase                        |  #Cells created  |  #Cells Removed  |  #Constrained objects preventing optimizations  |
-------------------------------------------------------------------------------------------------------------------------
|  Retarget                     |               0  |               6  |                                            168  |
|  Constant propagation         |               5  |              25  |                                            163  |
|  Sweep                        |               0  |               2  |                                            850  |
|  BUFG optimization            |               0  |               0  |                                              0  |
|  Shift Register Optimization  |               0  |               0  |                                              0  |
|  Post Processing Netlist      |               0  |               0  |                                             60  |
-------------------------------------------------------------------------------------------------------------------------



Starting Connectivity Check Task

Time (s): cpu = 00:00:00 ; elapsed = 00:00:00.003 . Memory (MB): peak = 1364.500 ; gain = 0.000
Ending Logic Optimization Task | Checksum: 1ebb5c779

Time (s): cpu = 00:00:02 ; elapsed = 00:00:58 . Memory (MB): peak = 1364.500 ; gain = 18.277

Starting Power Optimization Task
INFO: [Pwropt 34-132] Skipping clock gating for clocks with a period < 2.00 ns.
Ending Power Optimization Task | Checksum: 1ebb5c779

Time (s): cpu = 00:00:00 ; elapsed = 00:00:00.008 . Memory (MB): peak = 1364.500 ; gain = 0.000

Starting Final Cleanup Task
Ending Final Cleanup Task | Checksum: 1ebb5c779

Time (s): cpu = 00:00:00 ; elapsed = 00:00:00 . Memory (MB): peak = 1364.500 ; gain = 0.000

Starting Netlist Obfuscation Task
Netlist sorting complete. Time (s): cpu = 00:00:00 ; elapsed = 00:00:00.001 . Memory (MB): peak = 1364.500 ; gain = 0.000
Ending Netlist Obfuscation Task | Checksum: 1ebb5c779

Time (s): cpu = 00:00:00 ; elapsed = 00:00:00.001 . Memory (MB): peak = 1364.500 ; gain = 0.000
INFO: [Common 17-83] Releasing license: Implementation
38 Infos, 2 Warnings, 10 Critical Warnings and 0 Errors encountered.
opt_design completed successfully
opt_design: Time (s): cpu = 00:00:08 ; elapsed = 00:01:04 . Memory (MB): peak = 1364.500 ; gain = 672.340
INFO: [Common 17-600] The following parameters have non-default value.
tcl.collectionResultDisplayLimit
Netlist sorting complete. Time (s): cpu = 00:00:00 ; elapsed = 00:00:00.001 . Memory (MB): peak = 1364.500 ; gain = 0.000
INFO: [Timing 38-480] Writing timing data to binary archive.
Writing placer database...
Writing XDEF routing.
Writing XDEF routing logical nets.
Writing XDEF routing special nets.
Write XDEF Complete: Time (s): cpu = 00:00:00 ; elapsed = 00:00:00.038 . Memory (MB): peak = 1364.500 ; gain = 0.000
Netlist sorting complete. Time (s): cpu = 00:00:00 ; elapsed = 00:00:00.001 . Memory (MB): peak = 1364.500 ; gain = 0.000
INFO: [Common 17-1381] The checkpoint 'H:/my_workshop/learn_fpga/prj/uart_tx/uart_tx.runs/impl_1/uart_tx_test_opt.dcp' has been generated.
INFO: [runtcl-4] Executing : report_drc -file uart_tx_test_drc_opted.rpt -pb uart_tx_test_drc_opted.pb -rpx uart_tx_test_drc_opted.rpx
Command: report_drc -file uart_tx_test_drc_opted.rpt -pb uart_tx_test_drc_opted.pb -rpx uart_tx_test_drc_opted.rpx
INFO: [IP_Flow 19-1839] IP Catalog is up to date.
INFO: [DRC 23-27] Running DRC with 2 threads
INFO: [Coretcl 2-168] The results of DRC are in file H:/my_workshop/learn_fpga/prj/uart_tx/uart_tx.runs/impl_1/uart_tx_test_drc_opted.rpt.
report_drc completed successfully
INFO: [Chipscope 16-240] Debug cores have already been implemented
Command: place_design
Attempting to get a license for feature 'Implementation' and/or device 'xc7z010'
INFO: [Common 17-349] Got license for feature 'Implementation' and/or device 'xc7z010'
INFO: [DRC 23-27] Running DRC with 2 threads
INFO: [Vivado_Tcl 4-198] DRC finished with 0 Errors
INFO: [Vivado_Tcl 4-199] Please refer to the DRC report (report_drc) for more information.
Running DRC as a precondition to command place_design
INFO: [DRC 23-27] Running DRC with 2 threads
INFO: [Vivado_Tcl 4-198] DRC finished with 0 Errors
INFO: [Vivado_Tcl 4-199] Please refer to the DRC report (report_drc) for more information.

Starting Placer Task
INFO: [Place 30-611] Multithreading enabled for place_design using a maximum of 2 CPUs

Phase 1 Placer Initialization

Phase 1.1 Placer Initialization Netlist Sorting
Netlist sorting complete. Time (s): cpu = 00:00:00 ; elapsed = 00:00:00.001 . Memory (MB): peak = 1364.500 ; gain = 0.000
Phase 1.1 Placer Initialization Netlist Sorting | Checksum: f1bd1273

Time (s): cpu = 00:00:00 ; elapsed = 00:00:00.004 . Memory (MB): peak = 1364.500 ; gain = 0.000
Netlist sorting complete. Time (s): cpu = 00:00:00 ; elapsed = 00:00:00 . Memory (MB): peak = 1364.500 ; gain = 0.000

Phase 1.2 IO Placement/ Clock Placement/ Build Placer Device
INFO: [Timing 38-35] Done setting XDC timing constraints.
Phase 1.2 IO Placement/ Clock Placement/ Build Placer Device | Checksum: 13511cfbd

Time (s): cpu = 00:00:01 ; elapsed = 00:00:00.458 . Memory (MB): peak = 1364.500 ; gain = 0.000

Phase 1.3 Build Placer Netlist Model
Phase 1.3 Build Placer Netlist Model | Checksum: 1e19918bf

Time (s): cpu = 00:00:01 ; elapsed = 00:00:00.740 . Memory (MB): peak = 1369.715 ; gain = 5.215

Phase 1.4 Constrain Clocks/Macros
Phase 1.4 Constrain Clocks/Macros | Checksum: 1e19918bf

Time (s): cpu = 00:00:01 ; elapsed = 00:00:00.744 . Memory (MB): peak = 1369.715 ; gain = 5.215
Phase 1 Placer Initialization | Checksum: 1e19918bf

Time (s): cpu = 00:00:01 ; elapsed = 00:00:00.746 . Memory (MB): peak = 1369.715 ; gain = 5.215

Phase 2 Global Placement

Phase 2.1 Floorplanning
Phase 2.1 Floorplanning | Checksum: 1494afa31

Time (s): cpu = 00:00:01 ; elapsed = 00:00:00.811 . Memory (MB): peak = 1369.715 ; gain = 5.215

Phase 2.2 Physical Synthesis In Placer
INFO: [Physopt 32-65] No nets found for high-fanout optimization.
INFO: [Physopt 32-232] Optimized 0 net. Created 0 new instance.
INFO: [Physopt 32-775] End 1 Pass. Optimized 0 net or cell. Created 0 new cell, deleted 0 existing cell and moved 0 existing cell
INFO: [Physopt 32-670] No setup violation found.  DSP Register Optimization was not performed.
INFO: [Physopt 32-670] No setup violation found.  Shift Register Optimization was not performed.
INFO: [Physopt 32-670] No setup violation found.  BRAM Register Optimization was not performed.
INFO: [Physopt 32-949] No candidate nets found for HD net replication
INFO: [Physopt 32-775] End 1 Pass. Optimized 0 net or cell. Created 0 new cell, deleted 0 existing cell and moved 0 existing cell
Netlist sorting complete. Time (s): cpu = 00:00:00 ; elapsed = 00:00:00.001 . Memory (MB): peak = 1369.715 ; gain = 0.000

Summary of Physical Synthesis Optimizations
============================================


----------------------------------------------------------------------------------------------------------------------------------------
|  Optimization                  |  Added Cells  |  Removed Cells  |  Optimized Cells/Nets  |  Dont Touch  |  Iterations  |  Elapsed   |
----------------------------------------------------------------------------------------------------------------------------------------
|  Very High Fanout              |            0  |              0  |                     0  |           0  |           1  |  00:00:00  |
|  DSP Register                  |            0  |              0  |                     0  |           0  |           0  |  00:00:00  |
|  Shift Register                |            0  |              0  |                     0  |           0  |           0  |  00:00:00  |
|  BRAM Register                 |            0  |              0  |                     0  |           0  |           0  |  00:00:00  |
|  HD Interface Net Replication  |            0  |              0  |                     0  |           0  |           1  |  00:00:00  |
|  Total                         |            0  |              0  |                     0  |           0  |           2  |  00:00:00  |
----------------------------------------------------------------------------------------------------------------------------------------


Phase 2.2 Physical Synthesis In Placer | Checksum: 1791c8ad9

Time (s): cpu = 00:00:03 ; elapsed = 00:00:02 . Memory (MB): peak = 1369.715 ; gain = 5.215
Phase 2 Global Placement | Checksum: 1b5d00194

Time (s): cpu = 00:00:03 ; elapsed = 00:00:02 . Memory (MB): peak = 1369.715 ; gain = 5.215

Phase 3 Detail Placement

Phase 3.1 Commit Multi Column Macros
Phase 3.1 Commit Multi Column Macros | Checksum: 1b5d00194

Time (s): cpu = 00:00:03 ; elapsed = 00:00:02 . Memory (MB): peak = 1369.715 ; gain = 5.215

Phase 3.2 Commit Most Macros & LUTRAMs
Phase 3.2 Commit Most Macros & LUTRAMs | Checksum: dcd8e6ea

Time (s): cpu = 00:00:03 ; elapsed = 00:00:02 . Memory (MB): peak = 1369.715 ; gain = 5.215

Phase 3.3 Area Swap Optimization
Phase 3.3 Area Swap Optimization | Checksum: 14b26525f

Time (s): cpu = 00:00:03 ; elapsed = 00:00:02 . Memory (MB): peak = 1369.715 ; gain = 5.215

Phase 3.4 Pipeline Register Optimization
Phase 3.4 Pipeline Register Optimization | Checksum: 9b5caad1

Time (s): cpu = 00:00:03 ; elapsed = 00:00:02 . Memory (MB): peak = 1369.715 ; gain = 5.215

Phase 3.5 Small Shape Detail Placement
Phase 3.5 Small Shape Detail Placement | Checksum: 1776b86cd

Time (s): cpu = 00:00:03 ; elapsed = 00:00:02 . Memory (MB): peak = 1369.715 ; gain = 5.215

Phase 3.6 Re-assign LUT pins
Phase 3.6 Re-assign LUT pins | Checksum: 15f6adaba

Time (s): cpu = 00:00:04 ; elapsed = 00:00:02 . Memory (MB): peak = 1369.715 ; gain = 5.215

Phase 3.7 Pipeline Register Optimization
Phase 3.7 Pipeline Register Optimization | Checksum: 1af553348

Time (s): cpu = 00:00:04 ; elapsed = 00:00:02 . Memory (MB): peak = 1369.715 ; gain = 5.215
Phase 3 Detail Placement | Checksum: 1af553348

Time (s): cpu = 00:00:04 ; elapsed = 00:00:02 . Memory (MB): peak = 1369.715 ; gain = 5.215

Phase 4 Post Placement Optimization and Clean-Up

Phase 4.1 Post Commit Optimization
INFO: [Timing 38-35] Done setting XDC timing constraints.

Phase 4.1.1 Post Placement Optimization
Post Placement Optimization Initialization | Checksum: 1dbeade01

Phase 4.1.1.1 BUFG Insertion
INFO: [Place 46-46] BUFG insertion identified 0 candidate nets, 0 success, 0 bufg driver replicated, 0 skipped for placement/routing, 0 skipped for timing, 0 skipped for netlist change reason
Phase 4.1.1.1 BUFG Insertion | Checksum: 1dbeade01

Time (s): cpu = 00:00:04 ; elapsed = 00:00:03 . Memory (MB): peak = 1369.715 ; gain = 5.215
INFO: [Place 30-746] Post Placement Timing Summary WNS=27.494. For the most accurate timing information please run report_timing.
Phase 4.1.1 Post Placement Optimization | Checksum: 1f711b3eb

Time (s): cpu = 00:00:04 ; elapsed = 00:00:03 . Memory (MB): peak = 1369.715 ; gain = 5.215
Phase 4.1 Post Commit Optimization | Checksum: 1f711b3eb

Time (s): cpu = 00:00:04 ; elapsed = 00:00:03 . Memory (MB): peak = 1369.715 ; gain = 5.215

Phase 4.2 Post Placement Cleanup
Phase 4.2 Post Placement Cleanup | Checksum: 1f711b3eb

Time (s): cpu = 00:00:04 ; elapsed = 00:00:03 . Memory (MB): peak = 1369.715 ; gain = 5.215

Phase 4.3 Placer Reporting
Phase 4.3 Placer Reporting | Checksum: 1f711b3eb

Time (s): cpu = 00:00:04 ; elapsed = 00:00:03 . Memory (MB): peak = 1369.715 ; gain = 5.215

Phase 4.4 Final Placement Cleanup
Netlist sorting complete. Time (s): cpu = 00:00:00 ; elapsed = 00:00:00.001 . Memory (MB): peak = 1369.715 ; gain = 0.000
Phase 4.4 Final Placement Cleanup | Checksum: 265d74e50

Time (s): cpu = 00:00:04 ; elapsed = 00:00:03 . Memory (MB): peak = 1369.715 ; gain = 5.215
Phase 4 Post Placement Optimization and Clean-Up | Checksum: 265d74e50

Time (s): cpu = 00:00:04 ; elapsed = 00:00:03 . Memory (MB): peak = 1369.715 ; gain = 5.215
Ending Placer Task | Checksum: 16b8b1793

Time (s): cpu = 00:00:04 ; elapsed = 00:00:03 . Memory (MB): peak = 1369.715 ; gain = 5.215
INFO: [Common 17-83] Releasing license: Implementation
67 Infos, 2 Warnings, 10 Critical Warnings and 0 Errors encountered.
place_design completed successfully
Netlist sorting complete. Time (s): cpu = 00:00:00 ; elapsed = 00:00:00.001 . Memory (MB): peak = 1369.715 ; gain = 0.000
INFO: [Timing 38-480] Writing timing data to binary archive.
Writing placer database...
Netlist sorting complete. Time (s): cpu = 00:00:00 ; elapsed = 00:00:00.001 . Memory (MB): peak = 1370.477 ; gain = 0.000
Writing XDEF routing.
Writing XDEF routing logical nets.
Writing XDEF routing special nets.
Write XDEF Complete: Time (s): cpu = 00:00:01 ; elapsed = 00:00:00.136 . Memory (MB): peak = 1374.996 ; gain = 5.281
INFO: [Common 17-1381] The checkpoint 'H:/my_workshop/learn_fpga/prj/uart_tx/uart_tx.runs/impl_1/uart_tx_test_placed.dcp' has been generated.
INFO: [runtcl-4] Executing : report_io -file uart_tx_test_io_placed.rpt
report_io: Time (s): cpu = 00:00:00 ; elapsed = 00:00:00.044 . Memory (MB): peak = 1374.996 ; gain = 0.000
INFO: [runtcl-4] Executing : report_utilization -file uart_tx_test_utilization_placed.rpt -pb uart_tx_test_utilization_placed.pb
INFO: [runtcl-4] Executing : report_control_sets -verbose -file uart_tx_test_control_sets_placed.rpt
report_control_sets: Time (s): cpu = 00:00:00 ; elapsed = 00:00:00.008 . Memory (MB): peak = 1374.996 ; gain = 0.000
Command: route_design
Attempting to get a license for feature 'Implementation' and/or device 'xc7z010'
INFO: [Common 17-349] Got license for feature 'Implementation' and/or device 'xc7z010'
Running DRC as a precondition to command route_design
INFO: [DRC 23-27] Running DRC with 2 threads
INFO: [Vivado_Tcl 4-198] DRC finished with 0 Errors
INFO: [Vivado_Tcl 4-199] Please refer to the DRC report (report_drc) for more information.


Starting Routing Task
INFO: [Route 35-254] Multithreading enabled for route_design using a maximum of 2 CPUs
Checksum: PlaceDB: 912bf1fc ConstDB: 0 ShapeSum: da5f2597 RouteDB: 0

Phase 1 Build RT Design
Phase 1 Build RT Design | Checksum: 1091e13ba

Time (s): cpu = 00:00:13 ; elapsed = 00:00:12 . Memory (MB): peak = 1451.559 ; gain = 76.562
Post Restoration Checksum: NetGraph: 3976ceec NumContArr: cfa744ce Constraints: 0 Timing: 0

Phase 2 Router Initialization

Phase 2.1 Create Timer
Phase 2.1 Create Timer | Checksum: 1091e13ba

Time (s): cpu = 00:00:13 ; elapsed = 00:00:12 . Memory (MB): peak = 1483.902 ; gain = 108.906

Phase 2.2 Fix Topology Constraints
Phase 2.2 Fix Topology Constraints | Checksum: 1091e13ba

Time (s): cpu = 00:00:13 ; elapsed = 00:00:12 . Memory (MB): peak = 1489.895 ; gain = 114.898

Phase 2.3 Pre Route Cleanup
Phase 2.3 Pre Route Cleanup | Checksum: 1091e13ba

Time (s): cpu = 00:00:13 ; elapsed = 00:00:12 . Memory (MB): peak = 1489.895 ; gain = 114.898
 Number of Nodes with overlaps = 0

Phase 2.4 Update Timing
Phase 2.4 Update Timing | Checksum: 1e9e18668

Time (s): cpu = 00:00:13 ; elapsed = 00:00:12 . Memory (MB): peak = 1493.992 ; gain = 118.996
INFO: [Route 35-416] Intermediate Timing Summary | WNS=27.426 | TNS=0.000  | WHS=-0.165 | THS=-24.429|

Phase 2 Router Initialization | Checksum: 1653a1e24

Time (s): cpu = 00:00:13 ; elapsed = 00:00:12 . Memory (MB): peak = 1493.992 ; gain = 118.996

Phase 3 Initial Routing
Phase 3 Initial Routing | Checksum: 1d0a2c3ee

Time (s): cpu = 00:00:14 ; elapsed = 00:00:12 . Memory (MB): peak = 1493.992 ; gain = 118.996

Phase 4 Rip-up And Reroute

Phase 4.1 Global Iteration 0
 Number of Nodes with overlaps = 59
 Number of Nodes with overlaps = 0
INFO: [Route 35-416] Intermediate Timing Summary | WNS=26.428 | TNS=0.000  | WHS=N/A    | THS=N/A    |

Phase 4.1 Global Iteration 0 | Checksum: 18e7c687d

Time (s): cpu = 00:00:14 ; elapsed = 00:00:12 . Memory (MB): peak = 1493.992 ; gain = 118.996

Phase 4.2 Global Iteration 1
 Number of Nodes with overlaps = 2
 Number of Nodes with overlaps = 0
INFO: [Route 35-416] Intermediate Timing Summary | WNS=26.428 | TNS=0.000  | WHS=N/A    | THS=N/A    |

Phase 4.2 Global Iteration 1 | Checksum: 1733213c4

Time (s): cpu = 00:00:14 ; elapsed = 00:00:12 . Memory (MB): peak = 1493.992 ; gain = 118.996
Phase 4 Rip-up And Reroute | Checksum: 1733213c4

Time (s): cpu = 00:00:14 ; elapsed = 00:00:12 . Memory (MB): peak = 1493.992 ; gain = 118.996

Phase 5 Delay and Skew Optimization

Phase 5.1 Delay CleanUp
Phase 5.1 Delay CleanUp | Checksum: 1733213c4

Time (s): cpu = 00:00:14 ; elapsed = 00:00:12 . Memory (MB): peak = 1493.992 ; gain = 118.996

Phase 5.2 Clock Skew Optimization
Phase 5.2 Clock Skew Optimization | Checksum: 1733213c4

Time (s): cpu = 00:00:14 ; elapsed = 00:00:12 . Memory (MB): peak = 1493.992 ; gain = 118.996
Phase 5 Delay and Skew Optimization | Checksum: 1733213c4

Time (s): cpu = 00:00:14 ; elapsed = 00:00:12 . Memory (MB): peak = 1493.992 ; gain = 118.996

Phase 6 Post Hold Fix

Phase 6.1 Hold Fix Iter

Phase 6.1.1 Update Timing
Phase 6.1.1 Update Timing | Checksum: 1b1730dbc

Time (s): cpu = 00:00:14 ; elapsed = 00:00:12 . Memory (MB): peak = 1493.992 ; gain = 118.996
INFO: [Route 35-416] Intermediate Timing Summary | WNS=26.543 | TNS=0.000  | WHS=0.086  | THS=0.000  |

Phase 6.1 Hold Fix Iter | Checksum: 180bebe96

Time (s): cpu = 00:00:14 ; elapsed = 00:00:12 . Memory (MB): peak = 1493.992 ; gain = 118.996
Phase 6 Post Hold Fix | Checksum: 180bebe96

Time (s): cpu = 00:00:14 ; elapsed = 00:00:12 . Memory (MB): peak = 1493.992 ; gain = 118.996

Phase 7 Route finalize

Router Utilization Summary
  Global Vertical Routing Utilization    = 0.309966 %
  Global Horizontal Routing Utilization  = 0.39614 %
  Routable Net Status*
  *Does not include unroutable nets such as driverless and loadless.
  Run report_route_status for detailed report.
  Number of Failed Nets               = 0
  Number of Unrouted Nets             = 0
  Number of Partially Routed Nets     = 0
  Number of Node Overlaps             = 0

Phase 7 Route finalize | Checksum: 180bebe96

Time (s): cpu = 00:00:14 ; elapsed = 00:00:12 . Memory (MB): peak = 1493.992 ; gain = 118.996

Phase 8 Verifying routed nets

 Verification completed successfully
Phase 8 Verifying routed nets | Checksum: 180bebe96

Time (s): cpu = 00:00:14 ; elapsed = 00:00:12 . Memory (MB): peak = 1495.270 ; gain = 120.273

Phase 9 Depositing Routes
Phase 9 Depositing Routes | Checksum: 24fb2a0ba

Time (s): cpu = 00:00:14 ; elapsed = 00:00:13 . Memory (MB): peak = 1495.270 ; gain = 120.273

Phase 10 Post Router Timing
INFO: [Route 35-57] Estimated Timing Summary | WNS=26.543 | TNS=0.000  | WHS=0.086  | THS=0.000  |

INFO: [Route 35-327] The final timing numbers are based on the router estimated timing analysis. For a complete and accurate timing signoff, please run report_timing_summary.
Phase 10 Post Router Timing | Checksum: 24fb2a0ba

Time (s): cpu = 00:00:14 ; elapsed = 00:00:13 . Memory (MB): peak = 1495.270 ; gain = 120.273
INFO: [Route 35-16] Router Completed Successfully

Time (s): cpu = 00:00:14 ; elapsed = 00:00:13 . Memory (MB): peak = 1495.270 ; gain = 120.273

Routing Is Done.
INFO: [Common 17-83] Releasing license: Implementation
85 Infos, 2 Warnings, 10 Critical Warnings and 0 Errors encountered.
route_design completed successfully
route_design: Time (s): cpu = 00:00:15 ; elapsed = 00:00:13 . Memory (MB): peak = 1495.270 ; gain = 120.273
Netlist sorting complete. Time (s): cpu = 00:00:00 ; elapsed = 00:00:00.001 . Memory (MB): peak = 1495.270 ; gain = 0.000
INFO: [Timing 38-480] Writing timing data to binary archive.
Writing placer database...
Netlist sorting complete. Time (s): cpu = 00:00:00 ; elapsed = 00:00:00.001 . Memory (MB): peak = 1497.520 ; gain = 0.000
Writing XDEF routing.
Writing XDEF routing logical nets.
Writing XDEF routing special nets.
Write XDEF Complete: Time (s): cpu = 00:00:01 ; elapsed = 00:00:00.158 . Memory (MB): peak = 1502.168 ; gain = 6.898
INFO: [Common 17-1381] The checkpoint 'H:/my_workshop/learn_fpga/prj/uart_tx/uart_tx.runs/impl_1/uart_tx_test_routed.dcp' has been generated.
INFO: [runtcl-4] Executing : report_drc -file uart_tx_test_drc_routed.rpt -pb uart_tx_test_drc_routed.pb -rpx uart_tx_test_drc_routed.rpx
Command: report_drc -file uart_tx_test_drc_routed.rpt -pb uart_tx_test_drc_routed.pb -rpx uart_tx_test_drc_routed.rpx
INFO: [IP_Flow 19-1839] IP Catalog is up to date.
INFO: [DRC 23-27] Running DRC with 2 threads
INFO: [Coretcl 2-168] The results of DRC are in file H:/my_workshop/learn_fpga/prj/uart_tx/uart_tx.runs/impl_1/uart_tx_test_drc_routed.rpt.
report_drc completed successfully
INFO: [runtcl-4] Executing : report_methodology -file uart_tx_test_methodology_drc_routed.rpt -pb uart_tx_test_methodology_drc_routed.pb -rpx uart_tx_test_methodology_drc_routed.rpx
Command: report_methodology -file uart_tx_test_methodology_drc_routed.rpt -pb uart_tx_test_methodology_drc_routed.pb -rpx uart_tx_test_methodology_drc_routed.rpx
INFO: [Timing 38-35] Done setting XDC timing constraints.
INFO: [DRC 23-133] Running Methodology with 2 threads
INFO: [Coretcl 2-1520] The results of Report Methodology are in file H:/my_workshop/learn_fpga/prj/uart_tx/uart_tx.runs/impl_1/uart_tx_test_methodology_drc_routed.rpt.
report_methodology completed successfully
INFO: [runtcl-4] Executing : report_power -file uart_tx_test_power_routed.rpt -pb uart_tx_test_power_summary_routed.pb -rpx uart_tx_test_power_routed.rpx
Command: report_power -file uart_tx_test_power_routed.rpt -pb uart_tx_test_power_summary_routed.pb -rpx uart_tx_test_power_routed.rpx
INFO: [Timing 38-35] Done setting XDC timing constraints.
Running Vector-less Activity Propagation...

Finished Running Vector-less Activity Propagation
97 Infos, 2 Warnings, 10 Critical Warnings and 0 Errors encountered.
report_power completed successfully
INFO: [runtcl-4] Executing : report_route_status -file uart_tx_test_route_status.rpt -pb uart_tx_test_route_status.pb
INFO: [runtcl-4] Executing : report_timing_summary -max_paths 10 -file uart_tx_test_timing_summary_routed.rpt -pb uart_tx_test_timing_summary_routed.pb -rpx uart_tx_test_timing_summary_routed.rpx -warn_on_violation 
INFO: [Timing 38-91] UpdateTimingParams: Speed grade: -1, Delay Type: min_max.
INFO: [Timing 38-191] Multithreading enabled for timing update using a maximum of 2 CPUs
INFO: [runtcl-4] Executing : report_incremental_reuse -file uart_tx_test_incremental_reuse_routed.rpt
INFO: [Vivado_Tcl 4-1062] Incremental flow is disabled. No incremental reuse Info to report.
INFO: [runtcl-4] Executing : report_clock_utilization -file uart_tx_test_clock_utilization_routed.rpt
INFO: [runtcl-4] Executing : report_bus_skew -warn_on_violation -file uart_tx_test_bus_skew_routed.rpt -pb uart_tx_test_bus_skew_routed.pb -rpx uart_tx_test_bus_skew_routed.rpx
INFO: [Timing 38-91] UpdateTimingParams: Speed grade: -1, Delay Type: min_max.
INFO: [Timing 38-191] Multithreading enabled for timing update using a maximum of 2 CPUs
INFO: [Common 17-206] Exiting Vivado at Tue Sep 10 11:24:09 2024...
