Analysis & Synthesis report for uart_if
Fri Apr 24 16:06:04 2009
Quartus II Version 7.2 Build 151 09/26/2007 SJ Full Version


---------------------
; Table of Contents ;
---------------------
  1. Legal Notice
  2. Analysis & Synthesis Summary
  3. Analysis & Synthesis Settings
  4. Analysis & Synthesis Source Files Read
  5. Analysis & Synthesis Resource Usage Summary
  6. Analysis & Synthesis Resource Utilization by Entity
  7. Analysis & Synthesis RAM Summary
  8. General Register Statistics
  9. Source assignments for uart_rom:inst1|altsyncram:altsyncram_component|altsyncram_eh31:auto_generated
 10. Parameter Settings for User Entity Instance: uart_rom:inst1|altsyncram:altsyncram_component
 11. Analysis & Synthesis Messages



----------------
; Legal Notice ;
----------------
Copyright (C) 1991-2007 Altera Corporation
Your use of Altera Corporation's design tools, logic functions 
and other software and tools, and its AMPP partner logic 
functions, and any output files from any of the foregoing 
(including device programming or simulation files), and any 
associated documentation or information are expressly subject 
to the terms and conditions of the Altera Program License 
Subscription Agreement, Altera MegaCore Function License 
Agreement, or other applicable license agreement, including, 
without limitation, that your use is for the sole purpose of 
programming logic devices manufactured by Altera and sold by 
Altera or its authorized distributors.  Please refer to the 
applicable agreement for further details.



+-------------------------------------------------------------------------------+
; Analysis & Synthesis Summary                                                  ;
+------------------------------------+------------------------------------------+
; Analysis & Synthesis Status        ; Successful - Fri Apr 24 16:06:04 2009    ;
; Quartus II Version                 ; 7.2 Build 151 09/26/2007 SJ Full Version ;
; Revision Name                      ; uart_if                                  ;
; Top-level Entity Name              ; uart_if_rom                              ;
; Family                             ; Cyclone II                               ;
; Total logic elements               ; 123                                      ;
;     Total combinational functions  ; 121                                      ;
;     Dedicated logic registers      ; 123                                      ;
; Total registers                    ; 123                                      ;
; Total pins                         ; 4                                        ;
; Total virtual pins                 ; 0                                        ;
; Total memory bits                  ; 1,024                                    ;
; Embedded Multiplier 9-bit elements ; 0                                        ;
; Total PLLs                         ; 0                                        ;
+------------------------------------+------------------------------------------+


+--------------------------------------------------------------------------------------------------------------------------+
; Analysis & Synthesis Settings                                                                                            ;
+--------------------------------------------------------------------------------+--------------------+--------------------+
; Option                                                                         ; Setting            ; Default Value      ;
+--------------------------------------------------------------------------------+--------------------+--------------------+
; Device                                                                         ; EP2C35F484C8       ;                    ;
; Top-level entity name                                                          ; uart_if_rom        ; uart_if            ;
; Family name                                                                    ; Cyclone II         ; Stratix            ;
; Type of Retiming Performed During Resynthesis                                  ; Full               ;                    ;
; Resynthesis Optimization Effort                                                ; Normal             ;                    ;
; Physical Synthesis Level for Resynthesis                                       ; Normal             ;                    ;
; Use Generated Physical Constraints File                                        ; On                 ;                    ;
; Use smart compilation                                                          ; Off                ; Off                ;
; Maximum processors allowed for parallel compilation                            ; 1                  ; 1                  ;
; Restructure Multiplexers                                                       ; Auto               ; Auto               ;
; Create Debugging Nodes for IP Cores                                            ; Off                ; Off                ;
; Preserve fewer node names                                                      ; On                 ; On                 ;
; Disable OpenCore Plus hardware evaluation                                      ; Off                ; Off                ;
; Verilog Version                                                                ; Verilog_2001       ; Verilog_2001       ;
; VHDL Version                                                                   ; VHDL93             ; VHDL93             ;
; State Machine Processing                                                       ; Auto               ; Auto               ;
; Safe State Machine                                                             ; Off                ; Off                ;
; Extract Verilog State Machines                                                 ; On                 ; On                 ;
; Extract VHDL State Machines                                                    ; On                 ; On                 ;
; Ignore Verilog initial constructs                                              ; Off                ; Off                ;
; Add Pass-Through Logic to Inferred RAMs                                        ; On                 ; On                 ;
; Parallel Synthesis                                                             ; Off                ; Off                ;
; DSP Block Balancing                                                            ; Auto               ; Auto               ;
; NOT Gate Push-Back                                                             ; On                 ; On                 ;
; Power-Up Don't Care                                                            ; On                 ; On                 ;
; Remove Redundant Logic Cells                                                   ; Off                ; Off                ;
; Remove Duplicate Registers                                                     ; On                 ; On                 ;
; Ignore CARRY Buffers                                                           ; Off                ; Off                ;
; Ignore CASCADE Buffers                                                         ; Off                ; Off                ;
; Ignore GLOBAL Buffers                                                          ; Off                ; Off                ;
; Ignore ROW GLOBAL Buffers                                                      ; Off                ; Off                ;
; Ignore LCELL Buffers                                                           ; Off                ; Off                ;
; Ignore SOFT Buffers                                                            ; On                 ; On                 ;
; Limit AHDL Integers to 32 Bits                                                 ; Off                ; Off                ;
; Optimization Technique -- Cyclone II/Cyclone III                               ; Balanced           ; Balanced           ;
; Carry Chain Length -- Stratix/Stratix GX/Cyclone/MAX II/Cyclone II/Cyclone III ; 70                 ; 70                 ;
; Auto Carry Chains                                                              ; On                 ; On                 ;
; Auto Open-Drain Pins                                                           ; On                 ; On                 ;
; Perform WYSIWYG Primitive Resynthesis                                          ; Off                ; Off                ;
; Perform gate-level register retiming                                           ; Off                ; Off                ;
; Allow register retiming to trade off Tsu/Tco with Fmax                         ; On                 ; On                 ;
; Auto ROM Replacement                                                           ; On                 ; On                 ;
; Auto RAM Replacement                                                           ; On                 ; On                 ;
; Auto Shift Register Replacement                                                ; Auto               ; Auto               ;
; Auto Clock Enable Replacement                                                  ; On                 ; On                 ;
; Allow Synchronous Control Signals                                              ; On                 ; On                 ;
; Force Use of Synchronous Clear Signals                                         ; Off                ; Off                ;
; Auto RAM to Logic Cell Conversion                                              ; Off                ; Off                ;
; Auto Resource Sharing                                                          ; Off                ; Off                ;
; Allow Any RAM Size For Recognition                                             ; Off                ; Off                ;
; Allow Any ROM Size For Recognition                                             ; Off                ; Off                ;
; Allow Any Shift Register Size For Recognition                                  ; Off                ; Off                ;
; Ignore translate_off and synthesis_off directives                              ; Off                ; Off                ;
; Show Parameter Settings Tables in Synthesis Report                             ; On                 ; On                 ;
; Ignore Maximum Fan-Out Assignments                                             ; Off                ; Off                ;
; Retiming Meta-Stability Register Sequence Length                               ; 2                  ; 2                  ;
; PowerPlay Power Optimization                                                   ; Normal compilation ; Normal compilation ;
; HDL message level                                                              ; Level2             ; Level2             ;
; Suppress Register Optimization Related Messages                                ; Off                ; Off                ;
; Number of Removed Registers Reported in Synthesis Report                       ; 100                ; 100                ;
; Clock MUX Protection                                                           ; On                 ; On                 ;
; Block Design Naming                                                            ; Auto               ; Auto               ;
+--------------------------------------------------------------------------------+--------------------+--------------------+


+--------------------------------------------------------------------------------------------------------------------------------------------------------------+
; Analysis & Synthesis Source Files Read                                                                                                                       ;
+----------------------------------+-----------------+------------------------------------+--------------------------------------------------------------------+
; File Name with User-Entered Path ; Used in Netlist ; File Type                          ; File Name with Absolute Path                                       ;
+----------------------------------+-----------------+------------------------------------+--------------------------------------------------------------------+
; ../sythesis/uart_if.vqm          ; yes             ; User Verilog Quartus Mapping File  ; E:/code/III_new/EP2C35/S7_UART/sythesis/uart_if.vqm                ;
; ../src/div1_8m.v                 ; yes             ; User Verilog HDL File              ; E:/code/III_new/EP2C35/S7_UART/src/div1_8m.v                       ;
; uart_if_rom.bdf                  ; yes             ; User Block Diagram/Schematic File  ; E:/code/III_new/EP2C35/S7_UART/physical/uart_if_rom.bdf            ;
; uart_rom.mif                     ; yes             ; User Memory Initialization File    ; E:/code/III_new/EP2C35/S7_UART/physical/uart_rom.mif               ;
; ../Src/filter.v                  ; yes             ; User Verilog HDL File              ; E:/code/III_new/EP2C35/S7_UART/Src/filter.v                        ;
; uart_rom.v                       ; yes             ; Other                              ; E:/code/III_new/EP2C35/S7_UART/physical/uart_rom.v                 ;
; altsyncram.tdf                   ; yes             ; Megafunction                       ; c:/altera/72/quartus/libraries/megafunctions/altsyncram.tdf        ;
; stratix_ram_block.inc            ; yes             ; Megafunction                       ; c:/altera/72/quartus/libraries/megafunctions/stratix_ram_block.inc ;
; lpm_mux.inc                      ; yes             ; Megafunction                       ; c:/altera/72/quartus/libraries/megafunctions/lpm_mux.inc           ;
; lpm_decode.inc                   ; yes             ; Megafunction                       ; c:/altera/72/quartus/libraries/megafunctions/lpm_decode.inc        ;
; aglobal72.inc                    ; yes             ; Megafunction                       ; c:/altera/72/quartus/libraries/megafunctions/aglobal72.inc         ;
; a_rdenreg.inc                    ; yes             ; Megafunction                       ; c:/altera/72/quartus/libraries/megafunctions/a_rdenreg.inc         ;
; altrom.inc                       ; yes             ; Megafunction                       ; c:/altera/72/quartus/libraries/megafunctions/altrom.inc            ;
; altram.inc                       ; yes             ; Megafunction                       ; c:/altera/72/quartus/libraries/megafunctions/altram.inc            ;
; altdpram.inc                     ; yes             ; Megafunction                       ; c:/altera/72/quartus/libraries/megafunctions/altdpram.inc          ;
; altqpram.inc                     ; yes             ; Megafunction                       ; c:/altera/72/quartus/libraries/megafunctions/altqpram.inc          ;
; db/altsyncram_eh31.tdf           ; yes             ; Auto-Generated Megafunction        ; E:/code/III_new/EP2C35/S7_UART/physical/db/altsyncram_eh31.tdf     ;
+----------------------------------+-----------------+------------------------------------+--------------------------------------------------------------------+


+--------------------------------------------------------------------+
; Analysis & Synthesis Resource Usage Summary                        ;
+---------------------------------------------+----------------------+
; Resource                                    ; Usage                ;
+---------------------------------------------+----------------------+
; Estimated Total logic elements              ; 123                  ;
;                                             ;                      ;
; Total combinational functions               ; 121                  ;
; Logic element usage by number of LUT inputs ;                      ;
;     -- 4 input functions                    ; 32                   ;
;     -- 3 input functions                    ; 23                   ;
;     -- <=2 input functions                  ; 66                   ;
;                                             ;                      ;
; Logic elements by mode                      ;                      ;
;     -- normal mode                          ; 89                   ;
;     -- arithmetic mode                      ; 32                   ;
;                                             ;                      ;
; Total registers                             ; 123                  ;
;     -- Dedicated logic registers            ; 123                  ;
;     -- I/O registers                        ; 0                    ;
;                                             ;                      ;
; I/O pins                                    ; 4                    ;
; Total memory bits                           ; 1024                 ;
; Maximum fan-out node                        ; filter:inst3|rst_out ;
; Maximum fan-out                             ; 86                   ;
; Total fan-out                               ; 815                  ;
; Average fan-out                             ; 2.81                 ;
+---------------------------------------------+----------------------+


+-------------------------------------------------------------------------------------------------------------------------------------------------------------------------------------------------------------------------------------------------------------------+
; Analysis & Synthesis Resource Utilization by Entity                                                                                                                                                                                                               ;
+-------------------------------------------+-------------------+--------------+-------------+--------------+---------+-----------+------+--------------+--------------------------------------------------------------------------------------------+--------------+
; Compilation Hierarchy Node                ; LC Combinationals ; LC Registers ; Memory Bits ; DSP Elements ; DSP 9x9 ; DSP 18x18 ; Pins ; Virtual Pins ; Full Hierarchy Name                                                                        ; Library Name ;
+-------------------------------------------+-------------------+--------------+-------------+--------------+---------+-----------+------+--------------+--------------------------------------------------------------------------------------------+--------------+
; |uart_if_rom                              ; 121 (1)           ; 123 (0)      ; 1024        ; 0            ; 0       ; 0         ; 4    ; 0            ; |uart_if_rom                                                                               ; work         ;
;    |div:inst4|                            ; 14 (14)           ; 13 (13)      ; 0           ; 0            ; 0       ; 0         ; 0    ; 0            ; |uart_if_rom|div:inst4                                                                     ; work         ;
;    |filter:inst3|                         ; 16 (16)           ; 17 (17)      ; 0           ; 0            ; 0       ; 0         ; 0    ; 0            ; |uart_if_rom|filter:inst3                                                                  ; work         ;
;    |uart_if:inst5|                        ; 90 (36)           ; 93 (33)      ; 0           ; 0            ; 0       ; 0         ; 2    ; 0            ; |uart_if_rom|uart_if:inst5                                                                 ; work         ;
;       |uart:U1|                           ; 54 (0)            ; 60 (0)       ; 0           ; 0            ; 0       ; 0         ; 0    ; 0            ; |uart_if_rom|uart_if:inst5|uart:U1                                                         ; work         ;
;          |rcvr:u1|                        ; 21 (21)           ; 29 (29)      ; 0           ; 0            ; 0       ; 0         ; 0    ; 0            ; |uart_if_rom|uart_if:inst5|uart:U1|rcvr:u1                                                 ; work         ;
;          |txmit:u2|                       ; 33 (33)           ; 31 (31)      ; 0           ; 0            ; 0       ; 0         ; 0    ; 0            ; |uart_if_rom|uart_if:inst5|uart:U1|txmit:u2                                                ; work         ;
;    |uart_rom:inst1|                       ; 0 (0)             ; 0 (0)        ; 1024        ; 0            ; 0       ; 0         ; 0    ; 0            ; |uart_if_rom|uart_rom:inst1                                                                ; work         ;
;       |altsyncram:altsyncram_component|   ; 0 (0)             ; 0 (0)        ; 1024        ; 0            ; 0       ; 0         ; 0    ; 0            ; |uart_if_rom|uart_rom:inst1|altsyncram:altsyncram_component                                ; work         ;
;          |altsyncram_eh31:auto_generated| ; 0 (0)             ; 0 (0)        ; 1024        ; 0            ; 0       ; 0         ; 0    ; 0            ; |uart_if_rom|uart_rom:inst1|altsyncram:altsyncram_component|altsyncram_eh31:auto_generated ; work         ;
+-------------------------------------------+-------------------+--------------+-------------+--------------+---------+-----------+------+--------------+--------------------------------------------------------------------------------------------+--------------+
Note: For table entries with two numbers listed, the numbers in parentheses indicate the number of resources of the given type used by the specific entity alone. The numbers listed outside of parentheses indicate the total resources of the given type used by the specific entity and all of its sub-entities in the hierarchy.


+------------------------------------------------------------------------------------------------------------------------------------------------------------------------------------------+
; Analysis & Synthesis RAM Summary                                                                                                                                                         ;
+------------------------------------------------------------------------------------------+------+------+--------------+--------------+--------------+--------------+------+--------------+
; Name                                                                                     ; Type ; Mode ; Port A Depth ; Port A Width ; Port B Depth ; Port B Width ; Size ; MIF          ;
+------------------------------------------------------------------------------------------+------+------+--------------+--------------+--------------+--------------+------+--------------+
; uart_rom:inst1|altsyncram:altsyncram_component|altsyncram_eh31:auto_generated|ALTSYNCRAM ; AUTO ; ROM  ; 256          ; 8            ; --           ; --           ; 2048 ; uart_rom.mif ;
+------------------------------------------------------------------------------------------+------+------+--------------+--------------+--------------+--------------+------+--------------+


+------------------------------------------------------+
; General Register Statistics                          ;
+----------------------------------------------+-------+
; Statistic                                    ; Value ;
+----------------------------------------------+-------+
; Total registers                              ; 123   ;
; Number of registers using Synchronous Clear  ; 0     ;
; Number of registers using Synchronous Load   ; 7     ;
; Number of registers using Asynchronous Clear ; 92    ;
; Number of registers using Asynchronous Load  ; 0     ;
; Number of registers using Clock Enable       ; 50    ;
; Number of registers using Preset             ; 0     ;
+----------------------------------------------+-------+


+------------------------------------------------------------------------------------------------------+
; Source assignments for uart_rom:inst1|altsyncram:altsyncram_component|altsyncram_eh31:auto_generated ;
+---------------------------------+--------------------+------+----------------------------------------+
; Assignment                      ; Value              ; From ; To                                     ;
+---------------------------------+--------------------+------+----------------------------------------+
; OPTIMIZE_POWER_DURING_SYNTHESIS ; NORMAL_COMPILATION ; -    ; -                                      ;
+---------------------------------+--------------------+------+----------------------------------------+


+---------------------------------------------------------------------------------------------+
; Parameter Settings for User Entity Instance: uart_rom:inst1|altsyncram:altsyncram_component ;
+------------------------------------+----------------------+---------------------------------+
; Parameter Name                     ; Value                ; Type                            ;
+------------------------------------+----------------------+---------------------------------+
; BYTE_SIZE_BLOCK                    ; 8                    ; Untyped                         ;
; AUTO_CARRY_CHAINS                  ; ON                   ; AUTO_CARRY                      ;
; IGNORE_CARRY_BUFFERS               ; OFF                  ; IGNORE_CARRY                    ;
; AUTO_CASCADE_CHAINS                ; ON                   ; AUTO_CASCADE                    ;
; IGNORE_CASCADE_BUFFERS             ; OFF                  ; IGNORE_CASCADE                  ;
; WIDTH_BYTEENA                      ; 1                    ; Untyped                         ;
; OPERATION_MODE                     ; ROM                  ; Untyped                         ;
; WIDTH_A                            ; 8                    ; Signed Integer                  ;
; WIDTHAD_A                          ; 8                    ; Signed Integer                  ;
; NUMWORDS_A                         ; 256                  ; Signed Integer                  ;
; OUTDATA_REG_A                      ; CLOCK0               ; Untyped                         ;
; ADDRESS_ACLR_A                     ; NONE                 ; Untyped                         ;
; OUTDATA_ACLR_A                     ; NONE                 ; Untyped                         ;
; WRCONTROL_ACLR_A                   ; NONE                 ; Untyped                         ;
; INDATA_ACLR_A                      ; NONE                 ; Untyped                         ;
; BYTEENA_ACLR_A                     ; NONE                 ; Untyped                         ;
; WIDTH_B                            ; 1                    ; Untyped                         ;
; WIDTHAD_B                          ; 1                    ; Untyped                         ;
; NUMWORDS_B                         ; 1                    ; Untyped                         ;
; INDATA_REG_B                       ; CLOCK1               ; Untyped                         ;
; WRCONTROL_WRADDRESS_REG_B          ; CLOCK1               ; Untyped                         ;
; RDCONTROL_REG_B                    ; CLOCK1               ; Untyped                         ;
; ADDRESS_REG_B                      ; CLOCK1               ; Untyped                         ;
; OUTDATA_REG_B                      ; UNREGISTERED         ; Untyped                         ;
; BYTEENA_REG_B                      ; CLOCK1               ; Untyped                         ;
; INDATA_ACLR_B                      ; NONE                 ; Untyped                         ;
; WRCONTROL_ACLR_B                   ; NONE                 ; Untyped                         ;
; ADDRESS_ACLR_B                     ; NONE                 ; Untyped                         ;
; OUTDATA_ACLR_B                     ; NONE                 ; Untyped                         ;
; RDCONTROL_ACLR_B                   ; NONE                 ; Untyped                         ;
; BYTEENA_ACLR_B                     ; NONE                 ; Untyped                         ;
; WIDTH_BYTEENA_A                    ; 1                    ; Signed Integer                  ;
; WIDTH_BYTEENA_B                    ; 1                    ; Untyped                         ;
; RAM_BLOCK_TYPE                     ; AUTO                 ; Untyped                         ;
; BYTE_SIZE                          ; 8                    ; Untyped                         ;
; READ_DURING_WRITE_MODE_MIXED_PORTS ; DONT_CARE            ; Untyped                         ;
; READ_DURING_WRITE_MODE_PORT_A      ; NEW_DATA_NO_NBE_READ ; Untyped                         ;
; READ_DURING_WRITE_MODE_PORT_B      ; NEW_DATA_NO_NBE_READ ; Untyped                         ;
; INIT_FILE                          ; uart_rom.mif         ; Untyped                         ;
; INIT_FILE_LAYOUT                   ; PORT_A               ; Untyped                         ;
; MAXIMUM_DEPTH                      ; 0                    ; Untyped                         ;
; CLOCK_ENABLE_INPUT_A               ; NORMAL               ; Untyped                         ;
; CLOCK_ENABLE_INPUT_B               ; NORMAL               ; Untyped                         ;
; CLOCK_ENABLE_OUTPUT_A              ; NORMAL               ; Untyped                         ;
; CLOCK_ENABLE_OUTPUT_B              ; NORMAL               ; Untyped                         ;
; CLOCK_ENABLE_CORE_A                ; USE_INPUT_CLKEN      ; Untyped                         ;
; CLOCK_ENABLE_CORE_B                ; USE_INPUT_CLKEN      ; Untyped                         ;
; ENABLE_ECC                         ; FALSE                ; Untyped                         ;
; DEVICE_FAMILY                      ; Cyclone II           ; Untyped                         ;
; CBXI_PARAMETER                     ; altsyncram_eh31      ; Untyped                         ;
+------------------------------------+----------------------+---------------------------------+
Note: In order to hide this table in the UI and the text report file, please set the "Show Parameter Settings Tables in Synthesis Report" option in "Analysis and Synthesis Settings -> More Settings" to "Off".


+-------------------------------+
; Analysis & Synthesis Messages ;
+-------------------------------+
Info: *******************************************************************
Info: Running Quartus II Analysis & Synthesis
    Info: Version 7.2 Build 151 09/26/2007 SJ Full Version
    Info: Processing started: Fri Apr 24 16:05:59 2009
Info: Command: quartus_map --read_settings_files=on --write_settings_files=off uart_if -c uart_if
Info: Found 4 design units, including 4 entities, in source file ../sythesis/uart_if.vqm
    Info: Found entity 1: rcvr
    Info: Found entity 2: txmit
    Info: Found entity 3: uart
    Info: Found entity 4: uart_if
Info: Found 1 design units, including 1 entities, in source file ../src/div1_8m.v
    Info: Found entity 1: div
Info: Found 1 design units, including 1 entities, in source file uart_if_rom.bdf
    Info: Found entity 1: uart_if_rom
Info: Found 1 design units, including 1 entities, in source file ../Src/filter.v
    Info: Found entity 1: filter
Info: Elaborating entity "uart_if_rom" for the top level hierarchy
Warning: Processing legacy GDF or BDF entity "uart_if_rom" with Max+Plus II bus and instance naming rules
Info: Elaborating entity "uart_if" for hierarchy "uart_if:inst5"
Info: Elaborating entity "uart" for hierarchy "uart_if:inst5|uart:U1"
Info: Elaborating entity "rcvr" for hierarchy "uart_if:inst5|uart:U1|rcvr:u1"
Info: Elaborating entity "txmit" for hierarchy "uart_if:inst5|uart:U1|txmit:u2"
Info: Elaborating entity "div" for hierarchy "div:inst4"
Warning (10230): Verilog HDL assignment warning at div1_8m.v(8): truncated value with size 32 to match size of target (13)
Info: Elaborating entity "filter" for hierarchy "filter:inst3"
Warning (10230): Verilog HDL assignment warning at filter.v(11): truncated value with size 32 to match size of target (16)
Warning: Using design file uart_rom.v, which is not specified as a design file for the current project, but contains definitions for 1 design units and 1 entities in project
    Info: Found entity 1: uart_rom
Info: Elaborating entity "uart_rom" for hierarchy "uart_rom:inst1"
Info: Found 1 design units, including 1 entities, in source file c:/altera/72/quartus/libraries/megafunctions/altsyncram.tdf
    Info: Found entity 1: altsyncram
Info: Elaborating entity "altsyncram" for hierarchy "uart_rom:inst1|altsyncram:altsyncram_component"
Info: Elaborated megafunction instantiation "uart_rom:inst1|altsyncram:altsyncram_component"
Info: Found 1 design units, including 1 entities, in source file db/altsyncram_eh31.tdf
    Info: Found entity 1: altsyncram_eh31
Info: Elaborating entity "altsyncram_eh31" for hierarchy "uart_rom:inst1|altsyncram:altsyncram_component|altsyncram_eh31:auto_generated"
Warning: Resynthesizing Cyclone or Stratix WYSIWYG primitives into Cyclone II WYSIWYG primitives; however, resynthesized WYSIWYG primitives may not produce optimal compilation results.
Info: WYSIWYG I/O primitives converted to equivalent logic
    Info: WYSIWYG I/O primitive "uart_if:inst5|rst_n_in" converted to equivalent logic
    Info: WYSIWYG I/O primitive "uart_if:inst5|clk_in" converted to equivalent logic
    Info: WYSIWYG I/O primitive "uart_if:inst5|rom_data_in_0_" converted to equivalent logic
    Info: WYSIWYG I/O primitive "uart_if:inst5|rom_data_in_1_" converted to equivalent logic
    Info: WYSIWYG I/O primitive "uart_if:inst5|rom_addr[0]" converted to equivalent logic
    Info: WYSIWYG I/O primitive "uart_if:inst5|rom_addr[1]" converted to equivalent logic
    Info: WYSIWYG I/O primitive "uart_if:inst5|rom_addr[2]" converted to equivalent logic
    Info: WYSIWYG I/O primitive "uart_if:inst5|rom_addr[3]" converted to equivalent logic
    Info: WYSIWYG I/O primitive "uart_if:inst5|rom_addr[4]" converted to equivalent logic
    Info: WYSIWYG I/O primitive "uart_if:inst5|rom_addr[5]" converted to equivalent logic
    Info: WYSIWYG I/O primitive "uart_if:inst5|rom_addr[6]" converted to equivalent logic
    Info: WYSIWYG I/O primitive "uart_if:inst5|rom_data_in_2_" converted to equivalent logic
    Info: WYSIWYG I/O primitive "uart_if:inst5|rom_data_in_3_" converted to equivalent logic
    Info: WYSIWYG I/O primitive "uart_if:inst5|rom_data_in_4_" converted to equivalent logic
    Info: WYSIWYG I/O primitive "uart_if:inst5|rom_data_in_5_" converted to equivalent logic
    Info: WYSIWYG I/O primitive "uart_if:inst5|rom_data_in_6_" converted to equivalent logic
    Info: WYSIWYG I/O primitive "uart_if:inst5|rom_data_in_7_" converted to equivalent logic
Info: Removed 1 MSB VCC or GND address nodes from RAM block "uart_rom:inst1|altsyncram:altsyncram_component|altsyncram_eh31:auto_generated|ALTSYNCRAM"
Info: Found the following redundant logic cells in design
    Info (17048): Logic cell "uart_if:inst5|uart:U1|txmit:u2|tbr_0_~COMBOUT"
    Info (17048): Logic cell "uart_if:inst5|uart:U1|txmit:u2|wrn2_i_Z~COMBOUT"
    Info (17048): Logic cell "uart_if:inst5|uart:U1|txmit:u2|wrn1_i_0_Z~COMBOUT"
    Info (17048): Logic cell "uart_if:inst5|din_0_~COMBOUT"
    Info (17048): Logic cell "uart_if:inst5|uart:U1|txmit:u2|tbr_1_~COMBOUT"
    Info (17048): Logic cell "uart_if:inst5|din_1_~COMBOUT"
    Info (17048): Logic cell "uart_if:inst5|uart:U1|txmit:u2|tbr_2_~COMBOUT"
    Info (17048): Logic cell "uart_if:inst5|uart:U1|rcvr:u1|rbr_3_~COMBOUT"
    Info (17048): Logic cell "uart_if:inst5|uart:U1|rcvr:u1|rbr_2_~COMBOUT"
    Info (17048): Logic cell "uart_if:inst5|uart:U1|rcvr:u1|rbr_1_~COMBOUT"
    Info (17048): Logic cell "uart_if:inst5|uart:U1|rcvr:u1|rbr_7_~COMBOUT"
    Info (17048): Logic cell "uart_if:inst5|uart:U1|rcvr:u1|rbr_5_~COMBOUT"
    Info (17048): Logic cell "uart_if:inst5|uart:U1|rcvr:u1|rbr_6_~COMBOUT"
    Info (17048): Logic cell "uart_if:inst5|din_2_~COMBOUT"
    Info (17048): Logic cell "uart_if:inst5|uart:U1|txmit:u2|tbr_3_~COMBOUT"
    Info (17048): Logic cell "uart_if:inst5|uart:U1|rcvr:u1|rsr_3_~COMBOUT"
    Info (17048): Logic cell "uart_if:inst5|uart:U1|rcvr:u1|rsr_2_~COMBOUT"
    Info (17048): Logic cell "uart_if:inst5|uart:U1|rcvr:u1|rsr_1_~COMBOUT"
    Info (17048): Logic cell "uart_if:inst5|uart:U1|rcvr:u1|rsr_0_~COMBOUT"
    Info (17048): Logic cell "uart_if:inst5|uart:U1|rcvr:u1|rsr_5_~COMBOUT"
    Info (17048): Logic cell "uart_if:inst5|uart:U1|rcvr:u1|rsr_6_~COMBOUT"
    Info (17048): Logic cell "uart_if:inst5|uart:U1|rcvr:u1|rsr_4_~COMBOUT"
    Info (17048): Logic cell "uart_if:inst5|rdn_d_i_0_Z~COMBOUT"
    Info (17048): Logic cell "uart_if:inst5|rdn_d2_i_Z~COMBOUT"
    Info (17048): Logic cell "uart_if:inst5|din_3_~COMBOUT"
    Info (17048): Logic cell "uart_if:inst5|uart:U1|txmit:u2|tbr_4_~COMBOUT"
    Info (17048): Logic cell "uart_if:inst5|uart:U1|rcvr:u1|rxd2_i_Z~COMBOUT"
    Info (17048): Logic cell "uart_if:inst5|din_4_~COMBOUT"
    Info (17048): Logic cell "uart_if:inst5|uart:U1|txmit:u2|tbr_5_~COMBOUT"
    Info (17048): Logic cell "uart_if:inst5|din_5_~COMBOUT"
    Info (17048): Logic cell "uart_if:inst5|uart:U1|txmit:u2|tbr_6_~COMBOUT"
    Info (17048): Logic cell "uart_if:inst5|din_6_~COMBOUT"
    Info (17048): Logic cell "uart_if:inst5|uart:U1|txmit:u2|tbr_7_~COMBOUT"
    Info (17048): Logic cell "uart_if:inst5|din_7_~COMBOUT"
Info: Implemented 173 device resources after synthesis - the final resource count might be different
    Info: Implemented 3 input pins
    Info: Implemented 1 output pins
    Info: Implemented 161 logic cells
    Info: Implemented 8 RAM segments
Info: Quartus II Analysis & Synthesis was successful. 0 errors, 5 warnings
    Info: Allocated 148 megabytes of memory during processing
    Info: Processing ended: Fri Apr 24 16:06:04 2009
    Info: Elapsed time: 00:00:05


