Flow report for uart_if
Fri Apr 24 16:07:21 2009
Quartus II Version 7.2 Build 151 09/26/2007 SJ Full Version


---------------------
; Table of Contents ;
---------------------
  1. Legal Notice
  2. Flow Summary
  3. Flow Settings
  4. Flow Non-Default Global Settings
  5. Flow Elapsed Time
  6. Flow Log



----------------
; Legal Notice ;
----------------
Copyright (C) 1991-2007 Altera Corporation
Your use of Altera Corporation's design tools, logic functions 
and other software and tools, and its AMPP partner logic 
functions, and any output files from any of the foregoing 
(including device programming or simulation files), and any 
associated documentation or information are expressly subject 
to the terms and conditions of the Altera Program License 
Subscription Agreement, Altera MegaCore Function License 
Agreement, or other applicable license agreement, including, 
without limitation, that your use is for the sole purpose of 
programming logic devices manufactured by Altera and sold by 
Altera or its authorized distributors.  Please refer to the 
applicable agreement for further details.



+-------------------------------------------------------------------------------+
; Flow Summary                                                                  ;
+------------------------------------+------------------------------------------+
; Flow Status                        ; Successful - Fri Apr 24 16:07:21 2009    ;
; Quartus II Version                 ; 7.2 Build 151 09/26/2007 SJ Full Version ;
; Revision Name                      ; uart_if                                  ;
; Top-level Entity Name              ; uart_if_rom                              ;
; Family                             ; Cyclone II                               ;
; Device                             ; EP2C35F484C8                             ;
; Timing Models                      ; Final                                    ;
; Met timing requirements            ; No                                       ;
; Total logic elements               ; 155 / 33,216 ( < 1 % )                   ;
;     Total combinational functions  ; 122 / 33,216 ( < 1 % )                   ;
;     Dedicated logic registers      ; 123 / 33,216 ( < 1 % )                   ;
; Total registers                    ; 123                                      ;
; Total pins                         ; 4 / 322 ( 1 % )                          ;
; Total virtual pins                 ; 0                                        ;
; Total memory bits                  ; 1,024 / 483,840 ( < 1 % )                ;
; Embedded Multiplier 9-bit elements ; 0 / 70 ( 0 % )                           ;
; Total PLLs                         ; 0 / 4 ( 0 % )                            ;
+------------------------------------+------------------------------------------+


+-----------------------------------------+
; Flow Settings                           ;
+-------------------+---------------------+
; Option            ; Setting             ;
+-------------------+---------------------+
; Start date & time ; 04/24/2009 16:05:59 ;
; Main task         ; Compilation         ;
; Revision Name     ; uart_if             ;
+-------------------+---------------------+


+-----------------------------------------------------------------------------------------------------------------------+
; Flow Non-Default Global Settings                                                                                      ;
+------------------------+-----------------------------------------------+---------------+-------------+----------------+
; Assignment Name        ; Value                                         ; Default Value ; Entity Name ; Section Id     ;
+------------------------+-----------------------------------------------+---------------+-------------+----------------+
; EDA_OUTPUT_DATA_FORMAT ; Verilog                                       ; --            ; --          ; eda_simulation ;
; EDA_SIMULATION_TOOL    ; ModelSim (Verilog HDL output from Quartus II) ; <None>        ; --          ; --             ;
; EDA_TIME_SCALE         ; 1 ps                                          ; --            ; --          ; eda_simulation ;
; MAX_CORE_JUNCTION_TEMP ; 85                                            ; --            ; --          ; --             ;
; MIN_CORE_JUNCTION_TEMP ; 0                                             ; --            ; --          ; --             ;
; PARTITION_COLOR        ; 2147039                                       ; --            ; uart_if_rom ; Top            ;
; PARTITION_NETLIST_TYPE ; SOURCE                                        ; --            ; uart_if_rom ; Top            ;
; TOP_LEVEL_ENTITY       ; uart_if_rom                                   ; uart_if       ; --          ; --             ;
; USER_LIBRARIES         ; f:\i2c_altera/                                ; --            ; --          ; --             ;
+------------------------+-----------------------------------------------+---------------+-------------+----------------+


+------------------------------------------------------------------+
; Flow Elapsed Time                                                ;
+-------------------------+--------------+-------------------------+
; Module Name             ; Elapsed Time ; Average Processors Used ;
+-------------------------+--------------+-------------------------+
; Analysis & Synthesis    ; 00:00:05     ; 1.0                     ;
; Fitter                  ; 00:00:24     ; 1.0                     ;
; Assembler               ; 00:00:16     ; 1.0                     ;
; Classic Timing Analyzer ; 00:00:02     ; 1.0                     ;
; EDA Netlist Writer      ; 00:00:01     ; 1.0                     ;
; Total                   ; 00:00:48     ; --                      ;
+-------------------------+--------------+-------------------------+


------------
; Flow Log ;
------------
quartus_map --read_settings_files=on --write_settings_files=off uart_if -c uart_if
quartus_fit --read_settings_files=off --write_settings_files=off uart_if -c uart_if
quartus_asm --read_settings_files=off --write_settings_files=off uart_if -c uart_if
quartus_tan --read_settings_files=off --write_settings_files=off uart_if -c uart_if --timing_analysis_only
quartus_eda --read_settings_files=off --write_settings_files=off uart_if -c uart_if



