Assembler report for led_run
Wed May 08 17:54:01 2019
Quartus Prime Version 18.0.0 Build 614 04/24/2018 SJ Standard Edition


---------------------
; Table of Contents ;
---------------------
  1. Legal Notice
  2. Assembler Summary
  3. Assembler Settings
  4. Assembler Generated Files
  5. Assembler Device Options: H:/my_workshop/learn_fpga/Exercises/Verilog/EP2C20/S1_LED_RUN/PROJ/led_run.sof
  6. Assembler Device Options: H:/my_workshop/learn_fpga/Exercises/Verilog/EP2C20/S1_LED_RUN/PROJ/led_run.ttf
  7. Assembler Messages



----------------
; Legal Notice ;
----------------
Copyright (C) 2018  Intel Corporation. All rights reserved.
Your use of Intel Corporation's design tools, logic functions 
and other software and tools, and its AMPP partner logic 
functions, and any output files from any of the foregoing 
(including device programming or simulation files), and any 
associated documentation or information are expressly subject 
to the terms and conditions of the Intel Program License 
Subscription Agreement, the Intel Quartus Prime License Agreement,
the Intel FPGA IP License Agreement, or other applicable license
agreement, including, without limitation, that your use is for
the sole purpose of programming logic devices manufactured by
Intel and sold by Intel or its authorized distributors.  Please
refer to the applicable agreement for further details.



+---------------------------------------------------------------+
; Assembler Summary                                             ;
+-----------------------+---------------------------------------+
; Assembler Status      ; Successful - Wed May 08 17:54:01 2019 ;
; Revision Name         ; led_run                               ;
; Top-level Entity Name ; led_run                               ;
; Family                ; Cyclone IV E                          ;
; Device                ; EP4CE6F17C8                           ;
+-----------------------+---------------------------------------+


+----------------------------------+
; Assembler Settings               ;
+--------+---------+---------------+
; Option ; Setting ; Default Value ;
+--------+---------+---------------+


+--------------------------------------------------------------------------------+
; Assembler Generated Files                                                      ;
+--------------------------------------------------------------------------------+
; File Name                                                                      ;
+--------------------------------------------------------------------------------+
; H:/my_workshop/learn_fpga/Exercises/Verilog/EP2C20/S1_LED_RUN/PROJ/led_run.sof ;
; H:/my_workshop/learn_fpga/Exercises/Verilog/EP2C20/S1_LED_RUN/PROJ/led_run.ttf ;
+--------------------------------------------------------------------------------+


+----------------------------------------------------------------------------------------------------------+
; Assembler Device Options: H:/my_workshop/learn_fpga/Exercises/Verilog/EP2C20/S1_LED_RUN/PROJ/led_run.sof ;
+----------------+-----------------------------------------------------------------------------------------+
; Option         ; Setting                                                                                 ;
+----------------+-----------------------------------------------------------------------------------------+
; JTAG usercode  ; 0xFFFFFFFF                                                                              ;
; Checksum       ; 0x0008B785                                                                              ;
+----------------+-----------------------------------------------------------------------------------------+


+----------------------------------------------------------------------------------------------------------+
; Assembler Device Options: H:/my_workshop/learn_fpga/Exercises/Verilog/EP2C20/S1_LED_RUN/PROJ/led_run.ttf ;
+--------------------+-------------------------------------------------------------------------------------+
; Option             ; Setting                                                                             ;
+--------------------+-------------------------------------------------------------------------------------+
; Tabular Text File  ;                                                                                     ;
+--------------------+-------------------------------------------------------------------------------------+


+--------------------+
; Assembler Messages ;
+--------------------+
Info: *******************************************************************
Info: Running Quartus Prime Assembler
    Info: Version 18.0.0 Build 614 04/24/2018 SJ Standard Edition
    Info: Processing started: Wed May 08 17:54:00 2019
Info: Command: quartus_asm --read_settings_files=off --write_settings_files=off led_run -c led_run
Critical Warning (138069): Setting INCREMENTAL_COMPILATION to "OFF" is no longer supported. Assignment is ignored. To disable partitions, set the IGNORE_PARTITIONS global assignment to "ON" instead.
Warning (18236): Number of processors has not been specified which may cause overloading on shared machines.  Set the global assignment NUM_PARALLEL_PROCESSORS in your QSF to an appropriate value for best performance.
Info (115031): Writing out detailed assembly data for power analysis
Info (115030): Assembler is generating device programming files
Info: Quartus Prime Assembler was successful. 0 errors, 2 warnings
    Info: Peak virtual memory: 546 megabytes
    Info: Processing ended: Wed May 08 17:54:01 2019
    Info: Elapsed time: 00:00:01
    Info: Total CPU time (on all processors): 00:00:01


