# //  ModelSim SE-64 10.6d Feb 24 2018
# //
# //  Copyright 1991-2018 Mentor Graphics Corporation
# //  All Rights Reserved.
# //
# //  ModelSim SE-64 and its associated documentation contain trade
# //  secrets and commercial or financial information that are the property of
# //  Mentor Graphics Corporation and are privileged, confidential,
# //  and exempt from disclosure under the Freedom of Information Act,
# //  5 U.S.C. Section 552. Furthermore, this information
# //  is prohibited from disclosure under the Trade Secrets Act,
# //  18 U.S.C. Section 1905.
# //
# do {bin_counter_tb_simulate.do}
# vsim -voptargs=""+acc"" -coverage -fsmdebug -L xil_defaultlib -L unisims_ver -L unimacro_ver -L secureip -lib xil_defaultlib xil_defaultlib.bin_counter_tb xil_defaultlib.glbl 
# Start time: 13:39:41 on Sep 05,2024
# ** Note: (vsim-3812) Design is being optimized...
# Loading work.bin_counter_tb(fast)
# Loading work.led_flash(fast)
# Loading work.glbl(fast)
# ** Warning: (vsim-8634) Code was not compiled with coverage options.
# 1
# 1
# .main_pane.wave.interior.cs.body.pw.wf
# .main_pane.structure.interior.cs.body.struct
# .main_# End time: 13:40:47 on Sep 05,2024,run
run
run
# ** Note: $stop    : ../../../../led_flash.srcs/sim_1/new/bin_counter_tb.v(42)
#    Time: 2000004001 ns  Iteration: 0  Instance: /bin_counter_tb
# Break in Module bin_counter_tb at ../../../../led_flash.srcs/sim_1/new/bin_counter_tb.v line 42
run
# Causality operation skipped due to absence of debug database file
# End time: 16:57:19 on Sep 05,2024, Elapsed time: 3:17:38
# Errors: 0, Warnings: 2
