Simulator report for uart_if
Thu Aug 12 15:05:44 2004
Version 4.0 Build 190 1/28/2004 SJ Full Version


---------------------
; Table of Contents ;
---------------------
  1. Legal Notice
  2. Simulator Summary
  3. Simulator Settings
  4. Simulation Waveforms
  5. |uart_if_rom|uart_rom:inst1|altsyncram:altsyncram_component|altsyncram_8tj:auto_generated|ALTSYNCRAM
  6. Simulator INI Usage
  7. Simulator Messages



----------------
; Legal Notice ;
----------------
Copyright (C) 1991-2004 Altera Corporation
Any  megafunction  design,  and related netlist (encrypted  or  decrypted),
support information,  device programming or simulation file,  and any other
associated  documentation or information  provided by  Altera  or a partner
under  Altera's   Megafunction   Partnership   Program  may  be  used  only
to program  PLD  devices (but not masked  PLD  devices) from  Altera.   Any
other  use  of such  megafunction  design,  netlist,  support  information,
device programming or simulation file,  or any other  related documentation
or information  is prohibited  for  any  other purpose,  including, but not
limited to  modification,  reverse engineering,  de-compiling, or use  with
any other  silicon devices,  unless such use is  explicitly  licensed under
a separate agreement with  Altera  or a megafunction partner.  Title to the
intellectual property,  including patents,  copyrights,  trademarks,  trade
secrets,  or maskworks,  embodied in any such megafunction design, netlist,
support  information,  device programming or simulation file,  or any other
related documentation or information provided by  Altera  or a megafunction
partner, remains with Altera, the megafunction partner, or their respective
licensors. No other licenses, including any licenses needed under any third
party's intellectual property, are provided herein.



+--------------------------------------------+
; Simulator Summary                          ;
+---------------------------------------------
; Type                        ; Value        ;
+-----------------------------+--------------+
; Simulation Start Time       ; 0 ps         ;
; Simulation End Time         ; 10.0 us      ;
; Simulation Netlist Size     ; 83 nodes     ;
; Simulation Coverage         ;      80.65 % ;
; Total Number of Transitions ; 13868        ;
+-----------------------------+--------------+


+-----------------------------------------------------------------+
; Simulator Settings                                              ;
+------------------------------------------------------------------
; Option                                                ; Setting ;
+-------------------------------------------------------+---------+
; Simulation mode                                       ; Timing  ;
; Start time                                            ; 0ns     ;
; Add pins automatically to simulation output waveforms ; On      ;
; Check outputs                                         ; Off     ;
; Report simulation coverage                            ; On      ;
; Detect setup and hold time violations                 ; Off     ;
; Detect glitches                                       ; Off     ;
; Estimate power consumption                            ; Off     ;
; USE_COMPILER_SETTINGS                                 ; uart_if ;
; Automatically save/load simulation netlist            ; Off     ;
+-------------------------------------------------------+---------+


+-----------------------+
; Simulation Waveforms  ;
+-----------------------+
Waveform report data cannot be output to ASCII.
Please use Quartus II to view the waveform report data.


+-------------------------------------------------------------------------------------------------------+
; |uart_if_rom|uart_rom:inst1|altsyncram:altsyncram_component|altsyncram_8tj:auto_generated|ALTSYNCRAM  ;
+-------------------------------------------------------------------------------------------------------+
Memory report data cannot be output to ASCII.
Please use Quartus II to view the memory report data.


+---------------------+
; Simulator INI Usage ;
+----------------------
; Option ; Usage      ;
+--------+------------+


+---------------------+
; Simulator Messages  ;
+---------------------+
Info: *******************************************************************
Info: Running Quartus II Simulator
    Info: Version 4.0 Build 190 1/28/2004 SJ Full Version
    Info: Processing started: Thu Aug 12 15:05:42 2004
Info: Command: quartus_sim --import_settings_files=on --export_settings_files=off uart_if -c uart_if
Info: Overwriting simulation input file with simulation results
Info: Simulation coverage is      80.65 %
Info: Number of transitions in simulation is 13868
Info: Quartus II Simulator was successful. 0 errors, 0 warnings
    Info: Processing ended: Thu Aug 12 15:05:44 2004
    Info: Elapsed time: 00:00:01


