Classic Timing Analyzer report for sw_pb
Mon Mar 30 19:06:55 2009
Quartus II Version 7.2 Build 151 09/26/2007 SJ Full Version


---------------------
; Table of Contents ;
---------------------
  1. Legal Notice
  2. Timing Analyzer Summary
  3. Timing Analyzer Settings
  4. tpd
  5. Timing Analyzer Messages



----------------
; Legal Notice ;
----------------
Copyright (C) 1991-2007 Altera Corporation
Your use of Altera Corporation's design tools, logic functions 
and other software and tools, and its AMPP partner logic 
functions, and any output files from any of the foregoing 
(including device programming or simulation files), and any 
associated documentation or information are expressly subject 
to the terms and conditions of the Altera Program License 
Subscription Agreement, Altera MegaCore Function License 
Agreement, or other applicable license agreement, including, 
without limitation, that your use is for the sole purpose of 
programming logic devices manufactured by Altera and sold by 
Altera or its authorized distributors.  Please refer to the 
applicable agreement for further details.



+----------------------------------------------------------------------------------------------------------------------------+
; Timing Analyzer Summary                                                                                                    ;
+------------------------------+-------+---------------+-------------+-------+--------+------------+----------+--------------+
; Type                         ; Slack ; Required Time ; Actual Time ; From  ; To     ; From Clock ; To Clock ; Failed Paths ;
+------------------------------+-------+---------------+-------------+-------+--------+------------+----------+--------------+
; Worst-case tpd               ; N/A   ; None          ; 12.279 ns   ; sw[0] ; led[0] ; --         ; --       ; 0            ;
; Total number of failed paths ;       ;               ;             ;       ;        ;            ;          ; 0            ;
+------------------------------+-------+---------------+-------------+-------+--------+------------+----------+--------------+


+---------------------------------------------------------------------------------------------------------------+
; Timing Analyzer Settings                                                                                      ;
+----------------------------------------------------------------+--------------------+------+----+-------------+
; Option                                                         ; Setting            ; From ; To ; Entity Name ;
+----------------------------------------------------------------+--------------------+------+----+-------------+
; Device Name                                                    ; EP2C20F484C8       ;      ;    ;             ;
; Timing Models                                                  ; Final              ;      ;    ;             ;
; Default hold multicycle                                        ; Same as Multicycle ;      ;    ;             ;
; Cut paths between unrelated clock domains                      ; On                 ;      ;    ;             ;
; Cut off read during write signal paths                         ; On                 ;      ;    ;             ;
; Cut off feedback from I/O pins                                 ; On                 ;      ;    ;             ;
; Report Combined Fast/Slow Timing                               ; Off                ;      ;    ;             ;
; Ignore Clock Settings                                          ; Off                ;      ;    ;             ;
; Analyze latches as synchronous elements                        ; Off                ;      ;    ;             ;
; Enable Recovery/Removal analysis                               ; Off                ;      ;    ;             ;
; Enable Clock Latency                                           ; Off                ;      ;    ;             ;
; Use TimeQuest Timing Analyzer                                  ; Off                ;      ;    ;             ;
; Minimum Core Junction Temperature                              ; 0                  ;      ;    ;             ;
; Maximum Core Junction Temperature                              ; 85                 ;      ;    ;             ;
; Number of source nodes to report per destination node          ; 10                 ;      ;    ;             ;
; Number of destination nodes to report                          ; 10                 ;      ;    ;             ;
; Number of paths to report                                      ; 200                ;      ;    ;             ;
; Report Minimum Timing Checks                                   ; Off                ;      ;    ;             ;
; Use Fast Timing Models                                         ; Off                ;      ;    ;             ;
; Report IO Paths Separately                                     ; Off                ;      ;    ;             ;
; Perform Multicorner Analysis                                   ; On                 ;      ;    ;             ;
; Reports the worst-case path for each clock domain and analysis ; Off                ;      ;    ;             ;
+----------------------------------------------------------------+--------------------+------+----+-------------+


+--------------------------------------------------------------+
; tpd                                                          ;
+-------+-------------------+-----------------+-------+--------+
; Slack ; Required P2P Time ; Actual P2P Time ; From  ; To     ;
+-------+-------------------+-----------------+-------+--------+
; N/A   ; None              ; 12.279 ns       ; sw[0] ; led[0] ;
; N/A   ; None              ; 12.268 ns       ; sw[2] ; led[2] ;
; N/A   ; None              ; 12.202 ns       ; sw[1] ; led[1] ;
; N/A   ; None              ; 11.607 ns       ; sw[5] ; led[5] ;
; N/A   ; None              ; 11.606 ns       ; sw[3] ; led[3] ;
; N/A   ; None              ; 11.569 ns       ; sw[4] ; led[4] ;
; N/A   ; None              ; 11.318 ns       ; sw[7] ; led[7] ;
; N/A   ; None              ; 10.989 ns       ; sw[6] ; led[6] ;
+-------+-------------------+-----------------+-------+--------+


+--------------------------+
; Timing Analyzer Messages ;
+--------------------------+
Info: *******************************************************************
Info: Running Quartus II Classic Timing Analyzer
    Info: Version 7.2 Build 151 09/26/2007 SJ Full Version
    Info: Processing started: Mon Mar 30 19:06:54 2009
Info: Command: quartus_tan --read_settings_files=off --write_settings_files=off sw_pb -c sw_pb --timing_analysis_only
Info: Longest tpd from source pin "sw[0]" to destination pin "led[0]" is 12.279 ns
    Info: 1: + IC(0.000 ns) + CELL(0.944 ns) = 0.944 ns; Loc. = PIN_AB6; Fanout = 1; PIN Node = 'sw[0]'
    Info: 2: + IC(8.089 ns) + CELL(3.246 ns) = 12.279 ns; Loc. = PIN_A20; Fanout = 0; PIN Node = 'led[0]'
    Info: Total cell delay = 4.190 ns ( 34.12 % )
    Info: Total interconnect delay = 8.089 ns ( 65.88 % )
Info: Quartus II Classic Timing Analyzer was successful. 0 errors, 0 warnings
    Info: Allocated 118 megabytes of memory during processing
    Info: Processing ended: Mon Mar 30 19:06:55 2009
    Info: Elapsed time: 00:00:01


