Classic Timing Analyzer report for led_run
Mon Mar 30 11:50:58 2009
Quartus II Version 7.2 Build 151 09/26/2007 SJ Full Version


---------------------
; Table of Contents ;
---------------------
  1. Legal Notice
  2. Timing Analyzer Summary
  3. Timing Analyzer Settings
  4. Clock Settings Summary
  5. Clock Setup: 'mclk'
  6. tco
  7. Timing Analyzer Messages



----------------
; Legal Notice ;
----------------
Copyright (C) 1991-2007 Altera Corporation
Your use of Altera Corporation's design tools, logic functions 
and other software and tools, and its AMPP partner logic 
functions, and any output files from any of the foregoing 
(including device programming or simulation files), and any 
associated documentation or information are expressly subject 
to the terms and conditions of the Altera Program License 
Subscription Agreement, Altera MegaCore Function License 
Agreement, or other applicable license agreement, including, 
without limitation, that your use is for the sole purpose of 
programming logic devices manufactured by Altera and sold by 
Altera or its authorized distributors.  Please refer to the 
applicable agreement for further details.



+----------------------------------------------------------------------------------------------------------------------------------------------------------+
; Timing Analyzer Summary                                                                                                                                  ;
+------------------------------+-------+---------------+----------------------------------+-------------+-----------+------------+----------+--------------+
; Type                         ; Slack ; Required Time ; Actual Time                      ; From        ; To        ; From Clock ; To Clock ; Failed Paths ;
+------------------------------+-------+---------------+----------------------------------+-------------+-----------+------------+----------+--------------+
; Worst-case tco               ; N/A   ; None          ; 13.496 ns                        ; led[0]~reg0 ; led[0]    ; mclk       ; --       ; 0            ;
; Clock Setup: 'mclk'          ; N/A   ; None          ; 215.33 MHz ( period = 4.644 ns ) ; count[0]    ; count[24] ; mclk       ; mclk     ; 0            ;
; Total number of failed paths ;       ;               ;                                  ;             ;           ;            ;          ; 0            ;
+------------------------------+-------+---------------+----------------------------------+-------------+-----------+------------+----------+--------------+


+---------------------------------------------------------------------------------------------------------------+
; Timing Analyzer Settings                                                                                      ;
+----------------------------------------------------------------+--------------------+------+----+-------------+
; Option                                                         ; Setting            ; From ; To ; Entity Name ;
+----------------------------------------------------------------+--------------------+------+----+-------------+
; Device Name                                                    ; EP2C35F484C8       ;      ;    ;             ;
; Timing Models                                                  ; Final              ;      ;    ;             ;
; Default hold multicycle                                        ; Same as Multicycle ;      ;    ;             ;
; Cut paths between unrelated clock domains                      ; On                 ;      ;    ;             ;
; Cut off read during write signal paths                         ; On                 ;      ;    ;             ;
; Cut off feedback from I/O pins                                 ; On                 ;      ;    ;             ;
; Report Combined Fast/Slow Timing                               ; Off                ;      ;    ;             ;
; Ignore Clock Settings                                          ; Off                ;      ;    ;             ;
; Analyze latches as synchronous elements                        ; Off                ;      ;    ;             ;
; Enable Recovery/Removal analysis                               ; Off                ;      ;    ;             ;
; Enable Clock Latency                                           ; Off                ;      ;    ;             ;
; Use TimeQuest Timing Analyzer                                  ; Off                ;      ;    ;             ;
; Minimum Core Junction Temperature                              ; 0                  ;      ;    ;             ;
; Maximum Core Junction Temperature                              ; 85                 ;      ;    ;             ;
; Number of source nodes to report per destination node          ; 10                 ;      ;    ;             ;
; Number of destination nodes to report                          ; 10                 ;      ;    ;             ;
; Number of paths to report                                      ; 200                ;      ;    ;             ;
; Report Minimum Timing Checks                                   ; Off                ;      ;    ;             ;
; Use Fast Timing Models                                         ; Off                ;      ;    ;             ;
; Report IO Paths Separately                                     ; Off                ;      ;    ;             ;
; Perform Multicorner Analysis                                   ; On                 ;      ;    ;             ;
; Reports the worst-case path for each clock domain and analysis ; Off                ;      ;    ;             ;
+----------------------------------------------------------------+--------------------+------+----+-------------+


+------------------------------------------------------------------------------------------------------------------------------------------------------------------------------------+
; Clock Settings Summary                                                                                                                                                             ;
+-----------------+--------------------+----------+------------------+---------------+--------------+----------+-----------------------+---------------------+--------+--------------+
; Clock Node Name ; Clock Setting Name ; Type     ; Fmax Requirement ; Early Latency ; Late Latency ; Based on ; Multiply Base Fmax by ; Divide Base Fmax by ; Offset ; Phase offset ;
+-----------------+--------------------+----------+------------------+---------------+--------------+----------+-----------------------+---------------------+--------+--------------+
; mclk            ;                    ; User Pin ; None             ; 0.000 ns      ; 0.000 ns     ; --       ; N/A                   ; N/A                 ; N/A    ;              ;
+-----------------+--------------------+----------+------------------+---------------+--------------+----------+-----------------------+---------------------+--------+--------------+


+-----------------------------------------------------------------------------------------------------------------------------------------------------------------------------------------------------------------------------------+
; Clock Setup: 'mclk'                                                                                                                                                                                                               ;
+-----------------------------------------+-----------------------------------------------------+-----------+-----------+------------+----------+-----------------------------+---------------------------+-------------------------+
; Slack                                   ; Actual fmax (period)                                ; From      ; To        ; From Clock ; To Clock ; Required Setup Relationship ; Required Longest P2P Time ; Actual Longest P2P Time ;
+-----------------------------------------+-----------------------------------------------------+-----------+-----------+------------+----------+-----------------------------+---------------------------+-------------------------+
; N/A                                     ; 215.33 MHz ( period = 4.644 ns )                    ; count[0]  ; count[24] ; mclk       ; mclk     ; None                        ; None                      ; 3.889 ns                ;
; N/A                                     ; 217.91 MHz ( period = 4.589 ns )                    ; count[1]  ; count[24] ; mclk       ; mclk     ; None                        ; None                      ; 3.834 ns                ;
; N/A                                     ; 219.39 MHz ( period = 4.558 ns )                    ; count[2]  ; count[24] ; mclk       ; mclk     ; None                        ; None                      ; 3.803 ns                ;
; N/A                                     ; 223.61 MHz ( period = 4.472 ns )                    ; count[3]  ; count[24] ; mclk       ; mclk     ; None                        ; None                      ; 3.717 ns                ;
; N/A                                     ; 230.57 MHz ( period = 4.337 ns )                    ; count[4]  ; count[24] ; mclk       ; mclk     ; None                        ; None                      ; 3.582 ns                ;
; N/A                                     ; 238.38 MHz ( period = 4.195 ns )                    ; count[5]  ; count[24] ; mclk       ; mclk     ; None                        ; None                      ; 3.440 ns                ;
; N/A                                     ; 245.94 MHz ( period = 4.066 ns )                    ; count[0]  ; count[23] ; mclk       ; mclk     ; None                        ; None                      ; 3.803 ns                ;
; N/A                                     ; 246.61 MHz ( period = 4.055 ns )                    ; count[6]  ; count[24] ; mclk       ; mclk     ; None                        ; None                      ; 3.300 ns                ;
; N/A                                     ; 248.57 MHz ( period = 4.023 ns )                    ; count[7]  ; count[24] ; mclk       ; mclk     ; None                        ; None                      ; 3.268 ns                ;
; N/A                                     ; 249.31 MHz ( period = 4.011 ns )                    ; count[1]  ; count[23] ; mclk       ; mclk     ; None                        ; None                      ; 3.748 ns                ;
; N/A                                     ; 251.26 MHz ( period = 3.980 ns )                    ; count[2]  ; count[23] ; mclk       ; mclk     ; None                        ; None                      ; 3.717 ns                ;
; N/A                                     ; 251.26 MHz ( period = 3.980 ns )                    ; count[0]  ; count[22] ; mclk       ; mclk     ; None                        ; None                      ; 3.717 ns                ;
; N/A                                     ; 254.78 MHz ( period = 3.925 ns )                    ; count[1]  ; count[22] ; mclk       ; mclk     ; None                        ; None                      ; 3.662 ns                ;
; N/A                                     ; 256.81 MHz ( period = 3.894 ns )                    ; count[3]  ; count[23] ; mclk       ; mclk     ; None                        ; None                      ; 3.631 ns                ;
; N/A                                     ; 256.81 MHz ( period = 3.894 ns )                    ; count[2]  ; count[22] ; mclk       ; mclk     ; None                        ; None                      ; 3.631 ns                ;
; N/A                                     ; 256.81 MHz ( period = 3.894 ns )                    ; count[0]  ; count[21] ; mclk       ; mclk     ; None                        ; None                      ; 3.631 ns                ;
; N/A                                     ; 257.53 MHz ( period = 3.883 ns )                    ; count[8]  ; count[24] ; mclk       ; mclk     ; None                        ; None                      ; 3.128 ns                ;
; N/A                                     ; 259.61 MHz ( period = 3.852 ns )                    ; count[9]  ; count[24] ; mclk       ; mclk     ; None                        ; None                      ; 3.097 ns                ;
; N/A                                     ; 260.48 MHz ( period = 3.839 ns )                    ; count[1]  ; count[21] ; mclk       ; mclk     ; None                        ; None                      ; 3.576 ns                ;
; N/A                                     ; 262.61 MHz ( period = 3.808 ns )                    ; count[3]  ; count[22] ; mclk       ; mclk     ; None                        ; None                      ; 3.545 ns                ;
; N/A                                     ; 262.61 MHz ( period = 3.808 ns )                    ; count[2]  ; count[21] ; mclk       ; mclk     ; None                        ; None                      ; 3.545 ns                ;
; N/A                                     ; 266.03 MHz ( period = 3.759 ns )                    ; count[4]  ; count[23] ; mclk       ; mclk     ; None                        ; None                      ; 3.496 ns                ;
; N/A                                     ; 268.67 MHz ( period = 3.722 ns )                    ; count[3]  ; count[21] ; mclk       ; mclk     ; None                        ; None                      ; 3.459 ns                ;
; N/A                                     ; 269.11 MHz ( period = 3.716 ns )                    ; count[10] ; count[24] ; mclk       ; mclk     ; None                        ; None                      ; 2.961 ns                ;
; N/A                                     ; 269.98 MHz ( period = 3.704 ns )                    ; count[0]  ; count[20] ; mclk       ; mclk     ; None                        ; None                      ; 3.441 ns                ;
; N/A                                     ; 272.26 MHz ( period = 3.673 ns )                    ; count[4]  ; count[22] ; mclk       ; mclk     ; None                        ; None                      ; 3.410 ns                ;
; N/A                                     ; 274.05 MHz ( period = 3.649 ns )                    ; count[1]  ; count[20] ; mclk       ; mclk     ; None                        ; None                      ; 3.386 ns                ;
; N/A                                     ; 275.48 MHz ( period = 3.630 ns )                    ; count[11] ; count[24] ; mclk       ; mclk     ; None                        ; None                      ; 2.875 ns                ;
; N/A                                     ; 276.40 MHz ( period = 3.618 ns )                    ; count[2]  ; count[20] ; mclk       ; mclk     ; None                        ; None                      ; 3.355 ns                ;
; N/A                                     ; 276.40 MHz ( period = 3.618 ns )                    ; count[0]  ; count[19] ; mclk       ; mclk     ; None                        ; None                      ; 3.355 ns                ;
; N/A                                     ; 276.47 MHz ( period = 3.617 ns )                    ; count[5]  ; count[23] ; mclk       ; mclk     ; None                        ; None                      ; 3.354 ns                ;
; N/A                                     ; 278.78 MHz ( period = 3.587 ns )                    ; count[4]  ; count[21] ; mclk       ; mclk     ; None                        ; None                      ; 3.324 ns                ;
; N/A                                     ; 280.58 MHz ( period = 3.564 ns )                    ; count[12] ; count[24] ; mclk       ; mclk     ; None                        ; None                      ; 2.809 ns                ;
; N/A                                     ; 280.66 MHz ( period = 3.563 ns )                    ; count[1]  ; count[19] ; mclk       ; mclk     ; None                        ; None                      ; 3.300 ns                ;
; N/A                                     ; 283.13 MHz ( period = 3.532 ns )                    ; count[3]  ; count[20] ; mclk       ; mclk     ; None                        ; None                      ; 3.269 ns                ;
; N/A                                     ; 283.13 MHz ( period = 3.532 ns )                    ; count[2]  ; count[19] ; mclk       ; mclk     ; None                        ; None                      ; 3.269 ns                ;
; N/A                                     ; 283.13 MHz ( period = 3.532 ns )                    ; count[0]  ; count[18] ; mclk       ; mclk     ; None                        ; None                      ; 3.269 ns                ;
; N/A                                     ; 283.21 MHz ( period = 3.531 ns )                    ; count[5]  ; count[22] ; mclk       ; mclk     ; None                        ; None                      ; 3.268 ns                ;
; N/A                                     ; 287.60 MHz ( period = 3.477 ns )                    ; count[6]  ; count[23] ; mclk       ; mclk     ; None                        ; None                      ; 3.214 ns                ;
; N/A                                     ; 287.60 MHz ( period = 3.477 ns )                    ; count[1]  ; count[18] ; mclk       ; mclk     ; None                        ; None                      ; 3.214 ns                ;
; N/A                                     ; 290.19 MHz ( period = 3.446 ns )                    ; count[3]  ; count[19] ; mclk       ; mclk     ; None                        ; None                      ; 3.183 ns                ;
; N/A                                     ; 290.19 MHz ( period = 3.446 ns )                    ; count[2]  ; count[18] ; mclk       ; mclk     ; None                        ; None                      ; 3.183 ns                ;
; N/A                                     ; 290.19 MHz ( period = 3.446 ns )                    ; count[0]  ; count[17] ; mclk       ; mclk     ; None                        ; None                      ; 3.183 ns                ;
; N/A                                     ; 290.28 MHz ( period = 3.445 ns )                    ; count[7]  ; count[23] ; mclk       ; mclk     ; None                        ; None                      ; 3.182 ns                ;
; N/A                                     ; 290.28 MHz ( period = 3.445 ns )                    ; count[5]  ; count[21] ; mclk       ; mclk     ; None                        ; None                      ; 3.182 ns                ;
; N/A                                     ; 294.38 MHz ( period = 3.397 ns )                    ; count[4]  ; count[20] ; mclk       ; mclk     ; None                        ; None                      ; 3.134 ns                ;
; N/A                                     ; 294.90 MHz ( period = 3.391 ns )                    ; count[6]  ; count[22] ; mclk       ; mclk     ; None                        ; None                      ; 3.128 ns                ;
; N/A                                     ; 294.90 MHz ( period = 3.391 ns )                    ; count[1]  ; count[17] ; mclk       ; mclk     ; None                        ; None                      ; 3.128 ns                ;
; N/A                                     ; 297.62 MHz ( period = 3.360 ns )                    ; count[3]  ; count[18] ; mclk       ; mclk     ; None                        ; None                      ; 3.097 ns                ;
; N/A                                     ; 297.62 MHz ( period = 3.360 ns )                    ; count[2]  ; count[17] ; mclk       ; mclk     ; None                        ; None                      ; 3.097 ns                ;
; N/A                                     ; 297.62 MHz ( period = 3.360 ns )                    ; count[0]  ; count[16] ; mclk       ; mclk     ; None                        ; None                      ; 3.097 ns                ;
; N/A                                     ; 297.71 MHz ( period = 3.359 ns )                    ; count[13] ; count[24] ; mclk       ; mclk     ; None                        ; None                      ; 2.603 ns                ;
; N/A                                     ; 297.71 MHz ( period = 3.359 ns )                    ; count[7]  ; count[22] ; mclk       ; mclk     ; None                        ; None                      ; 3.096 ns                ;
; N/A                                     ; 302.02 MHz ( period = 3.311 ns )                    ; count[4]  ; count[19] ; mclk       ; mclk     ; None                        ; None                      ; 3.048 ns                ;
; N/A                                     ; 302.57 MHz ( period = 3.305 ns )                    ; count[8]  ; count[23] ; mclk       ; mclk     ; None                        ; None                      ; 3.042 ns                ;
; N/A                                     ; 302.57 MHz ( period = 3.305 ns )                    ; count[6]  ; count[21] ; mclk       ; mclk     ; None                        ; None                      ; 3.042 ns                ;
; N/A                                     ; 302.57 MHz ( period = 3.305 ns )                    ; count[1]  ; count[16] ; mclk       ; mclk     ; None                        ; None                      ; 3.042 ns                ;
; N/A                                     ; 304.69 MHz ( period = 3.282 ns )                    ; count[14] ; count[24] ; mclk       ; mclk     ; None                        ; None                      ; 2.526 ns                ;
; N/A                                     ; 305.44 MHz ( period = 3.274 ns )                    ; count[9]  ; count[23] ; mclk       ; mclk     ; None                        ; None                      ; 3.011 ns                ;
; N/A                                     ; 305.44 MHz ( period = 3.274 ns )                    ; count[3]  ; count[17] ; mclk       ; mclk     ; None                        ; None                      ; 3.011 ns                ;
; N/A                                     ; 305.44 MHz ( period = 3.274 ns )                    ; count[2]  ; count[16] ; mclk       ; mclk     ; None                        ; None                      ; 3.011 ns                ;
; N/A                                     ; 305.44 MHz ( period = 3.274 ns )                    ; count[0]  ; count[15] ; mclk       ; mclk     ; None                        ; None                      ; 3.011 ns                ;
; N/A                                     ; 305.53 MHz ( period = 3.273 ns )                    ; count[7]  ; count[21] ; mclk       ; mclk     ; None                        ; None                      ; 3.010 ns                ;
; N/A                                     ; 307.22 MHz ( period = 3.255 ns )                    ; count[5]  ; count[20] ; mclk       ; mclk     ; None                        ; None                      ; 2.992 ns                ;
; N/A                                     ; 310.08 MHz ( period = 3.225 ns )                    ; count[4]  ; count[18] ; mclk       ; mclk     ; None                        ; None                      ; 2.962 ns                ;
; N/A                                     ; 310.66 MHz ( period = 3.219 ns )                    ; count[8]  ; count[22] ; mclk       ; mclk     ; None                        ; None                      ; 2.956 ns                ;
; N/A                                     ; 310.66 MHz ( period = 3.219 ns )                    ; count[1]  ; count[15] ; mclk       ; mclk     ; None                        ; None                      ; 2.956 ns                ;
; N/A                                     ; 312.79 MHz ( period = 3.197 ns )                    ; count[15] ; count[24] ; mclk       ; mclk     ; None                        ; None                      ; 2.441 ns                ;
; N/A                                     ; 313.68 MHz ( period = 3.188 ns )                    ; count[9]  ; count[22] ; mclk       ; mclk     ; None                        ; None                      ; 2.925 ns                ;
; N/A                                     ; 313.68 MHz ( period = 3.188 ns )                    ; count[3]  ; count[16] ; mclk       ; mclk     ; None                        ; None                      ; 2.925 ns                ;
; N/A                                     ; 313.68 MHz ( period = 3.188 ns )                    ; count[2]  ; count[15] ; mclk       ; mclk     ; None                        ; None                      ; 2.925 ns                ;
; N/A                                     ; 313.68 MHz ( period = 3.188 ns )                    ; count[0]  ; count[14] ; mclk       ; mclk     ; None                        ; None                      ; 2.925 ns                ;
; N/A                                     ; 315.56 MHz ( period = 3.169 ns )                    ; count[5]  ; count[19] ; mclk       ; mclk     ; None                        ; None                      ; 2.906 ns                ;
; N/A                                     ; 316.36 MHz ( period = 3.161 ns )                    ; count[16] ; count[24] ; mclk       ; mclk     ; None                        ; None                      ; 2.405 ns                ;
; N/A                                     ; 318.57 MHz ( period = 3.139 ns )                    ; count[4]  ; count[17] ; mclk       ; mclk     ; None                        ; None                      ; 2.876 ns                ;
; N/A                                     ; 318.67 MHz ( period = 3.138 ns )                    ; count[10] ; count[23] ; mclk       ; mclk     ; None                        ; None                      ; 2.875 ns                ;
; N/A                                     ; 319.18 MHz ( period = 3.133 ns )                    ; count[8]  ; count[21] ; mclk       ; mclk     ; None                        ; None                      ; 2.870 ns                ;
; N/A                                     ; 319.18 MHz ( period = 3.133 ns )                    ; count[1]  ; count[14] ; mclk       ; mclk     ; None                        ; None                      ; 2.870 ns                ;
; N/A                                     ; 321.03 MHz ( period = 3.115 ns )                    ; count[6]  ; count[20] ; mclk       ; mclk     ; None                        ; None                      ; 2.852 ns                ;
; N/A                                     ; 322.37 MHz ( period = 3.102 ns )                    ; count[9]  ; count[21] ; mclk       ; mclk     ; None                        ; None                      ; 2.839 ns                ;
; N/A                                     ; 322.37 MHz ( period = 3.102 ns )                    ; count[3]  ; count[15] ; mclk       ; mclk     ; None                        ; None                      ; 2.839 ns                ;
; N/A                                     ; 322.37 MHz ( period = 3.102 ns )                    ; count[2]  ; count[14] ; mclk       ; mclk     ; None                        ; None                      ; 2.839 ns                ;
; N/A                                     ; 322.37 MHz ( period = 3.102 ns )                    ; count[0]  ; count[13] ; mclk       ; mclk     ; None                        ; None                      ; 2.839 ns                ;
; N/A                                     ; 324.36 MHz ( period = 3.083 ns )                    ; count[7]  ; count[20] ; mclk       ; mclk     ; None                        ; None                      ; 2.820 ns                ;
; N/A                                     ; 324.36 MHz ( period = 3.083 ns )                    ; count[5]  ; count[18] ; mclk       ; mclk     ; None                        ; None                      ; 2.820 ns                ;
; N/A                                     ; 327.55 MHz ( period = 3.053 ns )                    ; count[4]  ; count[16] ; mclk       ; mclk     ; None                        ; None                      ; 2.790 ns                ;
; N/A                                     ; 327.65 MHz ( period = 3.052 ns )                    ; count[11] ; count[23] ; mclk       ; mclk     ; None                        ; None                      ; 2.789 ns                ;
; N/A                                     ; 327.65 MHz ( period = 3.052 ns )                    ; count[10] ; count[22] ; mclk       ; mclk     ; None                        ; None                      ; 2.789 ns                ;
; N/A                                     ; 328.19 MHz ( period = 3.047 ns )                    ; count[1]  ; count[13] ; mclk       ; mclk     ; None                        ; None                      ; 2.784 ns                ;
; N/A                                     ; 330.14 MHz ( period = 3.029 ns )                    ; count[6]  ; count[19] ; mclk       ; mclk     ; None                        ; None                      ; 2.766 ns                ;
; N/A                                     ; 330.47 MHz ( period = 3.026 ns )                    ; count[17] ; count[24] ; mclk       ; mclk     ; None                        ; None                      ; 2.270 ns                ;
; N/A                                     ; 331.56 MHz ( period = 3.016 ns )                    ; count[3]  ; count[14] ; mclk       ; mclk     ; None                        ; None                      ; 2.753 ns                ;
; N/A                                     ; 331.56 MHz ( period = 3.016 ns )                    ; count[2]  ; count[13] ; mclk       ; mclk     ; None                        ; None                      ; 2.753 ns                ;
; N/A                                     ; 333.67 MHz ( period = 2.997 ns )                    ; count[7]  ; count[19] ; mclk       ; mclk     ; None                        ; None                      ; 2.734 ns                ;
; N/A                                     ; 333.67 MHz ( period = 2.997 ns )                    ; count[5]  ; count[17] ; mclk       ; mclk     ; None                        ; None                      ; 2.734 ns                ;
; N/A                                     ; 334.45 MHz ( period = 2.990 ns )                    ; count[18] ; count[24] ; mclk       ; mclk     ; None                        ; None                      ; 2.234 ns                ;
; N/A                                     ; 334.90 MHz ( period = 2.986 ns )                    ; count[12] ; count[23] ; mclk       ; mclk     ; None                        ; None                      ; 2.723 ns                ;
; N/A                                     ; 337.04 MHz ( period = 2.967 ns )                    ; count[4]  ; count[15] ; mclk       ; mclk     ; None                        ; None                      ; 2.704 ns                ;
; N/A                                     ; 337.15 MHz ( period = 2.966 ns )                    ; count[11] ; count[22] ; mclk       ; mclk     ; None                        ; None                      ; 2.703 ns                ;
; N/A                                     ; 337.15 MHz ( period = 2.966 ns )                    ; count[10] ; count[21] ; mclk       ; mclk     ; None                        ; None                      ; 2.703 ns                ;
; N/A                                     ; 339.79 MHz ( period = 2.943 ns )                    ; count[8]  ; count[20] ; mclk       ; mclk     ; None                        ; None                      ; 2.680 ns                ;
; N/A                                     ; 339.79 MHz ( period = 2.943 ns )                    ; count[6]  ; count[18] ; mclk       ; mclk     ; None                        ; None                      ; 2.680 ns                ;
; N/A                                     ; Restricted to 340.02 MHz ( period = 2.941 ns )      ; count[3]  ; count[13] ; mclk       ; mclk     ; None                        ; None                      ; 2.667 ns                ;
; N/A                                     ; Restricted to 340.02 MHz ( period = 2.941 ns )      ; count[0]  ; count[12] ; mclk       ; mclk     ; None                        ; None                      ; 2.664 ns                ;
; N/A                                     ; Restricted to 340.02 MHz ( period = 2.941 ns )      ; count[9]  ; count[20] ; mclk       ; mclk     ; None                        ; None                      ; 2.649 ns                ;
; N/A                                     ; Restricted to 340.02 MHz ( period = 2.941 ns )      ; count[7]  ; count[18] ; mclk       ; mclk     ; None                        ; None                      ; 2.648 ns                ;
; N/A                                     ; Restricted to 340.02 MHz ( period = 2.941 ns )      ; count[5]  ; count[16] ; mclk       ; mclk     ; None                        ; None                      ; 2.648 ns                ;
; N/A                                     ; Restricted to 340.02 MHz ( period = 2.941 ns )      ; count[19] ; count[24] ; mclk       ; mclk     ; None                        ; None                      ; 2.148 ns                ;
; N/A                                     ; Restricted to 340.02 MHz ( period = 2.941 ns )      ; count[12] ; count[22] ; mclk       ; mclk     ; None                        ; None                      ; 2.637 ns                ;
; N/A                                     ; Restricted to 340.02 MHz ( period = 2.941 ns )      ; count[4]  ; count[14] ; mclk       ; mclk     ; None                        ; None                      ; 2.618 ns                ;
; N/A                                     ; Restricted to 340.02 MHz ( period = 2.941 ns )      ; count[11] ; count[21] ; mclk       ; mclk     ; None                        ; None                      ; 2.617 ns                ;
; N/A                                     ; Restricted to 340.02 MHz ( period = 2.941 ns )      ; count[1]  ; count[12] ; mclk       ; mclk     ; None                        ; None                      ; 2.609 ns                ;
; N/A                                     ; Restricted to 340.02 MHz ( period = 2.941 ns )      ; count[8]  ; count[19] ; mclk       ; mclk     ; None                        ; None                      ; 2.594 ns                ;
; N/A                                     ; Restricted to 340.02 MHz ( period = 2.941 ns )      ; count[6]  ; count[17] ; mclk       ; mclk     ; None                        ; None                      ; 2.594 ns                ;
; N/A                                     ; Restricted to 340.02 MHz ( period = 2.941 ns )      ; count[2]  ; count[12] ; mclk       ; mclk     ; None                        ; None                      ; 2.578 ns                ;
; N/A                                     ; Restricted to 340.02 MHz ( period = 2.941 ns )      ; count[0]  ; count[11] ; mclk       ; mclk     ; None                        ; None                      ; 2.578 ns                ;
; N/A                                     ; Restricted to 340.02 MHz ( period = 2.941 ns )      ; count[9]  ; count[19] ; mclk       ; mclk     ; None                        ; None                      ; 2.563 ns                ;
; N/A                                     ; Restricted to 340.02 MHz ( period = 2.941 ns )      ; count[7]  ; count[17] ; mclk       ; mclk     ; None                        ; None                      ; 2.562 ns                ;
; N/A                                     ; Restricted to 340.02 MHz ( period = 2.941 ns )      ; count[5]  ; count[15] ; mclk       ; mclk     ; None                        ; None                      ; 2.562 ns                ;
; N/A                                     ; Restricted to 340.02 MHz ( period = 2.941 ns )      ; count[12] ; count[21] ; mclk       ; mclk     ; None                        ; None                      ; 2.551 ns                ;
; N/A                                     ; Restricted to 340.02 MHz ( period = 2.941 ns )      ; count[4]  ; count[13] ; mclk       ; mclk     ; None                        ; None                      ; 2.532 ns                ;
; N/A                                     ; Restricted to 340.02 MHz ( period = 2.941 ns )      ; count[1]  ; count[11] ; mclk       ; mclk     ; None                        ; None                      ; 2.523 ns                ;
; N/A                                     ; Restricted to 340.02 MHz ( period = 2.941 ns )      ; count[13] ; count[23] ; mclk       ; mclk     ; None                        ; None                      ; 2.517 ns                ;
; N/A                                     ; Restricted to 340.02 MHz ( period = 2.941 ns )      ; count[10] ; count[20] ; mclk       ; mclk     ; None                        ; None                      ; 2.513 ns                ;
; N/A                                     ; Restricted to 340.02 MHz ( period = 2.941 ns )      ; count[20] ; count[24] ; mclk       ; mclk     ; None                        ; None                      ; 2.018 ns                ;
; N/A                                     ; Restricted to 340.02 MHz ( period = 2.941 ns )      ; count[8]  ; count[18] ; mclk       ; mclk     ; None                        ; None                      ; 2.508 ns                ;
; N/A                                     ; Restricted to 340.02 MHz ( period = 2.941 ns )      ; count[6]  ; count[16] ; mclk       ; mclk     ; None                        ; None                      ; 2.508 ns                ;
; N/A                                     ; Restricted to 340.02 MHz ( period = 2.941 ns )      ; count[3]  ; count[12] ; mclk       ; mclk     ; None                        ; None                      ; 2.492 ns                ;
; N/A                                     ; Restricted to 340.02 MHz ( period = 2.941 ns )      ; count[2]  ; count[11] ; mclk       ; mclk     ; None                        ; None                      ; 2.492 ns                ;
; N/A                                     ; Restricted to 340.02 MHz ( period = 2.941 ns )      ; count[0]  ; count[10] ; mclk       ; mclk     ; None                        ; None                      ; 2.492 ns                ;
; N/A                                     ; Restricted to 340.02 MHz ( period = 2.941 ns )      ; count[9]  ; count[18] ; mclk       ; mclk     ; None                        ; None                      ; 2.477 ns                ;
; N/A                                     ; Restricted to 340.02 MHz ( period = 2.941 ns )      ; count[7]  ; count[16] ; mclk       ; mclk     ; None                        ; None                      ; 2.476 ns                ;
; N/A                                     ; Restricted to 340.02 MHz ( period = 2.941 ns )      ; count[5]  ; count[14] ; mclk       ; mclk     ; None                        ; None                      ; 2.476 ns                ;
; N/A                                     ; Restricted to 340.02 MHz ( period = 2.941 ns )      ; count[14] ; count[23] ; mclk       ; mclk     ; None                        ; None                      ; 2.440 ns                ;
; N/A                                     ; Restricted to 340.02 MHz ( period = 2.941 ns )      ; count[1]  ; count[10] ; mclk       ; mclk     ; None                        ; None                      ; 2.437 ns                ;
; N/A                                     ; Restricted to 340.02 MHz ( period = 2.941 ns )      ; count[13] ; count[22] ; mclk       ; mclk     ; None                        ; None                      ; 2.431 ns                ;
; N/A                                     ; Restricted to 340.02 MHz ( period = 2.941 ns )      ; count[11] ; count[20] ; mclk       ; mclk     ; None                        ; None                      ; 2.427 ns                ;
; N/A                                     ; Restricted to 340.02 MHz ( period = 2.941 ns )      ; count[10] ; count[19] ; mclk       ; mclk     ; None                        ; None                      ; 2.427 ns                ;
; N/A                                     ; Restricted to 340.02 MHz ( period = 2.941 ns )      ; count[8]  ; count[17] ; mclk       ; mclk     ; None                        ; None                      ; 2.422 ns                ;
; N/A                                     ; Restricted to 340.02 MHz ( period = 2.941 ns )      ; count[6]  ; count[15] ; mclk       ; mclk     ; None                        ; None                      ; 2.422 ns                ;
; N/A                                     ; Restricted to 340.02 MHz ( period = 2.941 ns )      ; count[3]  ; count[11] ; mclk       ; mclk     ; None                        ; None                      ; 2.406 ns                ;
; N/A                                     ; Restricted to 340.02 MHz ( period = 2.941 ns )      ; count[2]  ; count[10] ; mclk       ; mclk     ; None                        ; None                      ; 2.406 ns                ;
; N/A                                     ; Restricted to 340.02 MHz ( period = 2.941 ns )      ; count[0]  ; count[9]  ; mclk       ; mclk     ; None                        ; None                      ; 2.406 ns                ;
; N/A                                     ; Restricted to 340.02 MHz ( period = 2.941 ns )      ; count[9]  ; count[17] ; mclk       ; mclk     ; None                        ; None                      ; 2.391 ns                ;
; N/A                                     ; Restricted to 340.02 MHz ( period = 2.941 ns )      ; count[7]  ; count[15] ; mclk       ; mclk     ; None                        ; None                      ; 2.390 ns                ;
; N/A                                     ; Restricted to 340.02 MHz ( period = 2.941 ns )      ; count[5]  ; count[13] ; mclk       ; mclk     ; None                        ; None                      ; 2.390 ns                ;
; N/A                                     ; Restricted to 340.02 MHz ( period = 2.941 ns )      ; count[12] ; count[20] ; mclk       ; mclk     ; None                        ; None                      ; 2.361 ns                ;
; N/A                                     ; Restricted to 340.02 MHz ( period = 2.941 ns )      ; count[21] ; count[24] ; mclk       ; mclk     ; None                        ; None                      ; 1.866 ns                ;
; N/A                                     ; Restricted to 340.02 MHz ( period = 2.941 ns )      ; count[4]  ; count[12] ; mclk       ; mclk     ; None                        ; None                      ; 2.357 ns                ;
; N/A                                     ; Restricted to 340.02 MHz ( period = 2.941 ns )      ; count[15] ; count[23] ; mclk       ; mclk     ; None                        ; None                      ; 2.355 ns                ;
; N/A                                     ; Restricted to 340.02 MHz ( period = 2.941 ns )      ; count[14] ; count[22] ; mclk       ; mclk     ; None                        ; None                      ; 2.354 ns                ;
; N/A                                     ; Restricted to 340.02 MHz ( period = 2.941 ns )      ; count[1]  ; count[9]  ; mclk       ; mclk     ; None                        ; None                      ; 2.351 ns                ;
; N/A                                     ; Restricted to 340.02 MHz ( period = 2.941 ns )      ; count[13] ; count[21] ; mclk       ; mclk     ; None                        ; None                      ; 2.345 ns                ;
; N/A                                     ; Restricted to 340.02 MHz ( period = 2.941 ns )      ; count[11] ; count[19] ; mclk       ; mclk     ; None                        ; None                      ; 2.341 ns                ;
; N/A                                     ; Restricted to 340.02 MHz ( period = 2.941 ns )      ; count[10] ; count[18] ; mclk       ; mclk     ; None                        ; None                      ; 2.341 ns                ;
; N/A                                     ; Restricted to 340.02 MHz ( period = 2.941 ns )      ; count[8]  ; count[16] ; mclk       ; mclk     ; None                        ; None                      ; 2.336 ns                ;
; N/A                                     ; Restricted to 340.02 MHz ( period = 2.941 ns )      ; count[6]  ; count[14] ; mclk       ; mclk     ; None                        ; None                      ; 2.336 ns                ;
; N/A                                     ; Restricted to 340.02 MHz ( period = 2.941 ns )      ; count[3]  ; count[10] ; mclk       ; mclk     ; None                        ; None                      ; 2.320 ns                ;
; N/A                                     ; Restricted to 340.02 MHz ( period = 2.941 ns )      ; count[2]  ; count[9]  ; mclk       ; mclk     ; None                        ; None                      ; 2.320 ns                ;
; N/A                                     ; Restricted to 340.02 MHz ( period = 2.941 ns )      ; count[0]  ; count[8]  ; mclk       ; mclk     ; None                        ; None                      ; 2.320 ns                ;
; N/A                                     ; Restricted to 340.02 MHz ( period = 2.941 ns )      ; count[16] ; count[23] ; mclk       ; mclk     ; None                        ; None                      ; 2.319 ns                ;
; N/A                                     ; Restricted to 340.02 MHz ( period = 2.941 ns )      ; count[9]  ; count[16] ; mclk       ; mclk     ; None                        ; None                      ; 2.305 ns                ;
; N/A                                     ; Restricted to 340.02 MHz ( period = 2.941 ns )      ; count[7]  ; count[14] ; mclk       ; mclk     ; None                        ; None                      ; 2.304 ns                ;
; N/A                                     ; Restricted to 340.02 MHz ( period = 2.941 ns )      ; count[12] ; count[19] ; mclk       ; mclk     ; None                        ; None                      ; 2.275 ns                ;
; N/A                                     ; Restricted to 340.02 MHz ( period = 2.941 ns )      ; count[4]  ; count[11] ; mclk       ; mclk     ; None                        ; None                      ; 2.271 ns                ;
; N/A                                     ; Restricted to 340.02 MHz ( period = 2.941 ns )      ; count[15] ; count[22] ; mclk       ; mclk     ; None                        ; None                      ; 2.269 ns                ;
; N/A                                     ; Restricted to 340.02 MHz ( period = 2.941 ns )      ; count[14] ; count[21] ; mclk       ; mclk     ; None                        ; None                      ; 2.268 ns                ;
; N/A                                     ; Restricted to 340.02 MHz ( period = 2.941 ns )      ; count[1]  ; count[8]  ; mclk       ; mclk     ; None                        ; None                      ; 2.265 ns                ;
; N/A                                     ; Restricted to 340.02 MHz ( period = 2.941 ns )      ; count[11] ; count[18] ; mclk       ; mclk     ; None                        ; None                      ; 2.255 ns                ;
; N/A                                     ; Restricted to 340.02 MHz ( period = 2.941 ns )      ; count[10] ; count[17] ; mclk       ; mclk     ; None                        ; None                      ; 2.255 ns                ;
; N/A                                     ; Restricted to 340.02 MHz ( period = 2.941 ns )      ; count[8]  ; count[15] ; mclk       ; mclk     ; None                        ; None                      ; 2.250 ns                ;
; N/A                                     ; Restricted to 340.02 MHz ( period = 2.941 ns )      ; count[6]  ; count[13] ; mclk       ; mclk     ; None                        ; None                      ; 2.250 ns                ;
; N/A                                     ; Restricted to 340.02 MHz ( period = 2.941 ns )      ; count[3]  ; count[9]  ; mclk       ; mclk     ; None                        ; None                      ; 2.234 ns                ;
; N/A                                     ; Restricted to 340.02 MHz ( period = 2.941 ns )      ; count[2]  ; count[8]  ; mclk       ; mclk     ; None                        ; None                      ; 2.234 ns                ;
; N/A                                     ; Restricted to 340.02 MHz ( period = 2.941 ns )      ; count[0]  ; count[7]  ; mclk       ; mclk     ; None                        ; None                      ; 2.234 ns                ;
; N/A                                     ; Restricted to 340.02 MHz ( period = 2.941 ns )      ; count[16] ; count[22] ; mclk       ; mclk     ; None                        ; None                      ; 2.233 ns                ;
; N/A                                     ; Restricted to 340.02 MHz ( period = 2.941 ns )      ; count[22] ; count[24] ; mclk       ; mclk     ; None                        ; None                      ; 1.735 ns                ;
; N/A                                     ; Restricted to 340.02 MHz ( period = 2.941 ns )      ; count[9]  ; count[15] ; mclk       ; mclk     ; None                        ; None                      ; 2.219 ns                ;
; N/A                                     ; Restricted to 340.02 MHz ( period = 2.941 ns )      ; count[7]  ; count[13] ; mclk       ; mclk     ; None                        ; None                      ; 2.218 ns                ;
; N/A                                     ; Restricted to 340.02 MHz ( period = 2.941 ns )      ; count[5]  ; count[12] ; mclk       ; mclk     ; None                        ; None                      ; 2.215 ns                ;
; N/A                                     ; Restricted to 340.02 MHz ( period = 2.941 ns )      ; count[12] ; count[18] ; mclk       ; mclk     ; None                        ; None                      ; 2.189 ns                ;
; N/A                                     ; Restricted to 340.02 MHz ( period = 2.941 ns )      ; count[23] ; count[24] ; mclk       ; mclk     ; None                        ; None                      ; 1.695 ns                ;
; N/A                                     ; Restricted to 340.02 MHz ( period = 2.941 ns )      ; count[4]  ; count[10] ; mclk       ; mclk     ; None                        ; None                      ; 2.185 ns                ;
; N/A                                     ; Restricted to 340.02 MHz ( period = 2.941 ns )      ; count[17] ; count[23] ; mclk       ; mclk     ; None                        ; None                      ; 2.184 ns                ;
; N/A                                     ; Restricted to 340.02 MHz ( period = 2.941 ns )      ; count[15] ; count[21] ; mclk       ; mclk     ; None                        ; None                      ; 2.183 ns                ;
; N/A                                     ; Restricted to 340.02 MHz ( period = 2.941 ns )      ; count[1]  ; count[7]  ; mclk       ; mclk     ; None                        ; None                      ; 2.179 ns                ;
; N/A                                     ; Restricted to 340.02 MHz ( period = 2.941 ns )      ; count[11] ; count[17] ; mclk       ; mclk     ; None                        ; None                      ; 2.169 ns                ;
; N/A                                     ; Restricted to 340.02 MHz ( period = 2.941 ns )      ; count[10] ; count[16] ; mclk       ; mclk     ; None                        ; None                      ; 2.169 ns                ;
; N/A                                     ; Restricted to 340.02 MHz ( period = 2.941 ns )      ; count[8]  ; count[14] ; mclk       ; mclk     ; None                        ; None                      ; 2.164 ns                ;
; N/A                                     ; Restricted to 340.02 MHz ( period = 2.941 ns )      ; count[13] ; count[20] ; mclk       ; mclk     ; None                        ; None                      ; 2.155 ns                ;
; N/A                                     ; Restricted to 340.02 MHz ( period = 2.941 ns )      ; count[18] ; count[23] ; mclk       ; mclk     ; None                        ; None                      ; 2.148 ns                ;
; N/A                                     ; Restricted to 340.02 MHz ( period = 2.941 ns )      ; count[3]  ; count[8]  ; mclk       ; mclk     ; None                        ; None                      ; 2.148 ns                ;
; N/A                                     ; Restricted to 340.02 MHz ( period = 2.941 ns )      ; count[2]  ; count[7]  ; mclk       ; mclk     ; None                        ; None                      ; 2.148 ns                ;
; N/A                                     ; Restricted to 340.02 MHz ( period = 2.941 ns )      ; count[0]  ; count[6]  ; mclk       ; mclk     ; None                        ; None                      ; 2.148 ns                ;
; N/A                                     ; Restricted to 340.02 MHz ( period = 2.941 ns )      ; count[16] ; count[21] ; mclk       ; mclk     ; None                        ; None                      ; 2.147 ns                ;
; N/A                                     ; Restricted to 340.02 MHz ( period = 2.941 ns )      ; count[9]  ; count[14] ; mclk       ; mclk     ; None                        ; None                      ; 2.133 ns                ;
; N/A                                     ; Restricted to 340.02 MHz ( period = 2.941 ns )      ; count[5]  ; count[11] ; mclk       ; mclk     ; None                        ; None                      ; 2.129 ns                ;
; N/A                                     ; Restricted to 340.02 MHz ( period = 2.941 ns )      ; count[12] ; count[17] ; mclk       ; mclk     ; None                        ; None                      ; 2.103 ns                ;
; N/A                                     ; Restricted to 340.02 MHz ( period = 2.941 ns )      ; count[4]  ; count[9]  ; mclk       ; mclk     ; None                        ; None                      ; 2.099 ns                ;
; N/A                                     ; Restricted to 340.02 MHz ( period = 2.941 ns )      ; count[17] ; count[22] ; mclk       ; mclk     ; None                        ; None                      ; 2.098 ns                ;
; Timing analysis restricted to 200 rows. ; To change the limit use Settings (Assignments menu) ;           ;           ;            ;          ;                             ;                           ;                         ;
+-----------------------------------------+-----------------------------------------------------+-----------+-----------+------------+----------+-----------------------------+---------------------------+-------------------------+


+-----------------------------------------------------------------------+
; tco                                                                   ;
+-------+--------------+------------+-------------+--------+------------+
; Slack ; Required tco ; Actual tco ; From        ; To     ; From Clock ;
+-------+--------------+------------+-------------+--------+------------+
; N/A   ; None         ; 13.496 ns  ; led[0]~reg0 ; led[0] ; mclk       ;
; N/A   ; None         ; 12.992 ns  ; led[7]~reg0 ; led[7] ; mclk       ;
; N/A   ; None         ; 12.812 ns  ; led[6]~reg0 ; led[6] ; mclk       ;
; N/A   ; None         ; 12.053 ns  ; led[1]~reg0 ; led[1] ; mclk       ;
; N/A   ; None         ; 11.376 ns  ; led[2]~reg0 ; led[2] ; mclk       ;
; N/A   ; None         ; 11.360 ns  ; led[5]~reg0 ; led[5] ; mclk       ;
; N/A   ; None         ; 10.641 ns  ; led[4]~reg0 ; led[4] ; mclk       ;
; N/A   ; None         ; 10.295 ns  ; led[3]~reg0 ; led[3] ; mclk       ;
+-------+--------------+------------+-------------+--------+------------+


+--------------------------+
; Timing Analyzer Messages ;
+--------------------------+
Info: *******************************************************************
Info: Running Quartus II Classic Timing Analyzer
    Info: Version 7.2 Build 151 09/26/2007 SJ Full Version
    Info: Processing started: Mon Mar 30 11:50:57 2009
Info: Command: quartus_tan --read_settings_files=off --write_settings_files=off led_run -c led_run --timing_analysis_only
Warning: Found pins functioning as undefined clocks and/or memory enables
    Info: Assuming node "mclk" is an undefined clock
Warning: Found 1 node(s) in clock paths which may be acting as ripple and/or gated clocks -- node(s) analyzed as buffer(s) resulting in clock skew
    Info: Detected ripple clock "count[24]" as buffer
Info: Clock "mclk" has Internal fmax of 215.33 MHz between source register "count[0]" and destination register "count[24]" (period= 4.644 ns)
    Info: + Longest register to register delay is 3.889 ns
        Info: 1: + IC(0.000 ns) + CELL(0.000 ns) = 0.000 ns; Loc. = LCFF_X34_Y2_N7; Fanout = 3; REG Node = 'count[0]'
        Info: 2: + IC(0.465 ns) + CELL(0.621 ns) = 1.086 ns; Loc. = LCCOMB_X34_Y2_N8; Fanout = 2; COMB Node = 'count[1]~147'
        Info: 3: + IC(0.000 ns) + CELL(0.086 ns) = 1.172 ns; Loc. = LCCOMB_X34_Y2_N10; Fanout = 2; COMB Node = 'count[2]~149'
        Info: 4: + IC(0.000 ns) + CELL(0.086 ns) = 1.258 ns; Loc. = LCCOMB_X34_Y2_N12; Fanout = 2; COMB Node = 'count[3]~151'
        Info: 5: + IC(0.000 ns) + CELL(0.190 ns) = 1.448 ns; Loc. = LCCOMB_X34_Y2_N14; Fanout = 2; COMB Node = 'count[4]~153'
        Info: 6: + IC(0.000 ns) + CELL(0.086 ns) = 1.534 ns; Loc. = LCCOMB_X34_Y2_N16; Fanout = 2; COMB Node = 'count[5]~155'
        Info: 7: + IC(0.000 ns) + CELL(0.086 ns) = 1.620 ns; Loc. = LCCOMB_X34_Y2_N18; Fanout = 2; COMB Node = 'count[6]~157'
        Info: 8: + IC(0.000 ns) + CELL(0.086 ns) = 1.706 ns; Loc. = LCCOMB_X34_Y2_N20; Fanout = 2; COMB Node = 'count[7]~159'
        Info: 9: + IC(0.000 ns) + CELL(0.086 ns) = 1.792 ns; Loc. = LCCOMB_X34_Y2_N22; Fanout = 2; COMB Node = 'count[8]~161'
        Info: 10: + IC(0.000 ns) + CELL(0.086 ns) = 1.878 ns; Loc. = LCCOMB_X34_Y2_N24; Fanout = 2; COMB Node = 'count[9]~163'
        Info: 11: + IC(0.000 ns) + CELL(0.086 ns) = 1.964 ns; Loc. = LCCOMB_X34_Y2_N26; Fanout = 2; COMB Node = 'count[10]~165'
        Info: 12: + IC(0.000 ns) + CELL(0.086 ns) = 2.050 ns; Loc. = LCCOMB_X34_Y2_N28; Fanout = 2; COMB Node = 'count[11]~167'
        Info: 13: + IC(0.000 ns) + CELL(0.175 ns) = 2.225 ns; Loc. = LCCOMB_X34_Y2_N30; Fanout = 2; COMB Node = 'count[12]~169'
        Info: 14: + IC(0.000 ns) + CELL(0.086 ns) = 2.311 ns; Loc. = LCCOMB_X34_Y1_N0; Fanout = 2; COMB Node = 'count[13]~171'
        Info: 15: + IC(0.000 ns) + CELL(0.086 ns) = 2.397 ns; Loc. = LCCOMB_X34_Y1_N2; Fanout = 2; COMB Node = 'count[14]~173'
        Info: 16: + IC(0.000 ns) + CELL(0.086 ns) = 2.483 ns; Loc. = LCCOMB_X34_Y1_N4; Fanout = 2; COMB Node = 'count[15]~175'
        Info: 17: + IC(0.000 ns) + CELL(0.086 ns) = 2.569 ns; Loc. = LCCOMB_X34_Y1_N6; Fanout = 2; COMB Node = 'count[16]~177'
        Info: 18: + IC(0.000 ns) + CELL(0.086 ns) = 2.655 ns; Loc. = LCCOMB_X34_Y1_N8; Fanout = 2; COMB Node = 'count[17]~179'
        Info: 19: + IC(0.000 ns) + CELL(0.086 ns) = 2.741 ns; Loc. = LCCOMB_X34_Y1_N10; Fanout = 2; COMB Node = 'count[18]~181'
        Info: 20: + IC(0.000 ns) + CELL(0.086 ns) = 2.827 ns; Loc. = LCCOMB_X34_Y1_N12; Fanout = 2; COMB Node = 'count[19]~183'
        Info: 21: + IC(0.000 ns) + CELL(0.190 ns) = 3.017 ns; Loc. = LCCOMB_X34_Y1_N14; Fanout = 2; COMB Node = 'count[20]~185'
        Info: 22: + IC(0.000 ns) + CELL(0.086 ns) = 3.103 ns; Loc. = LCCOMB_X34_Y1_N16; Fanout = 2; COMB Node = 'count[21]~187'
        Info: 23: + IC(0.000 ns) + CELL(0.086 ns) = 3.189 ns; Loc. = LCCOMB_X34_Y1_N18; Fanout = 2; COMB Node = 'count[22]~189'
        Info: 24: + IC(0.000 ns) + CELL(0.086 ns) = 3.275 ns; Loc. = LCCOMB_X34_Y1_N20; Fanout = 1; COMB Node = 'count[23]~191'
        Info: 25: + IC(0.000 ns) + CELL(0.506 ns) = 3.781 ns; Loc. = LCCOMB_X34_Y1_N22; Fanout = 1; COMB Node = 'count[24]~192'
        Info: 26: + IC(0.000 ns) + CELL(0.108 ns) = 3.889 ns; Loc. = LCFF_X34_Y1_N23; Fanout = 2; REG Node = 'count[24]'
        Info: Total cell delay = 3.424 ns ( 88.04 % )
        Info: Total interconnect delay = 0.465 ns ( 11.96 % )
    Info: - Smallest clock skew is -0.491 ns
        Info: + Shortest clock path from clock "mclk" to destination register is 2.667 ns
            Info: 1: + IC(0.000 ns) + CELL(1.080 ns) = 1.080 ns; Loc. = PIN_W12; Fanout = 2; CLK Node = 'mclk'
            Info: 2: + IC(0.921 ns) + CELL(0.666 ns) = 2.667 ns; Loc. = LCFF_X34_Y1_N23; Fanout = 2; REG Node = 'count[24]'
            Info: Total cell delay = 1.746 ns ( 65.47 % )
            Info: Total interconnect delay = 0.921 ns ( 34.53 % )
        Info: - Longest clock path from clock "mclk" to source register is 3.158 ns
            Info: 1: + IC(0.000 ns) + CELL(1.080 ns) = 1.080 ns; Loc. = PIN_W12; Fanout = 2; CLK Node = 'mclk'
            Info: 2: + IC(0.232 ns) + CELL(0.000 ns) = 1.312 ns; Loc. = CLKCTRL_G14; Fanout = 24; COMB Node = 'mclk~clkctrl'
            Info: 3: + IC(1.180 ns) + CELL(0.666 ns) = 3.158 ns; Loc. = LCFF_X34_Y2_N7; Fanout = 3; REG Node = 'count[0]'
            Info: Total cell delay = 1.746 ns ( 55.29 % )
            Info: Total interconnect delay = 1.412 ns ( 44.71 % )
    Info: + Micro clock to output delay of source is 0.304 ns
    Info: + Micro setup delay of destination is -0.040 ns
Info: tco from clock "mclk" to destination pin "led[0]" through register "led[0]~reg0" is 13.496 ns
    Info: + Longest clock path from clock "mclk" to source register is 5.867 ns
        Info: 1: + IC(0.000 ns) + CELL(1.080 ns) = 1.080 ns; Loc. = PIN_W12; Fanout = 2; CLK Node = 'mclk'
        Info: 2: + IC(0.921 ns) + CELL(0.970 ns) = 2.971 ns; Loc. = LCFF_X34_Y1_N23; Fanout = 2; REG Node = 'count[24]'
        Info: 3: + IC(1.011 ns) + CELL(0.000 ns) = 3.982 ns; Loc. = CLKCTRL_G12; Fanout = 12; COMB Node = 'count[24]~clkctrl'
        Info: 4: + IC(1.219 ns) + CELL(0.666 ns) = 5.867 ns; Loc. = LCFF_X30_Y35_N17; Fanout = 1; REG Node = 'led[0]~reg0'
        Info: Total cell delay = 2.716 ns ( 46.29 % )
        Info: Total interconnect delay = 3.151 ns ( 53.71 % )
    Info: + Micro clock to output delay of source is 0.304 ns
    Info: + Longest register to pin delay is 7.325 ns
        Info: 1: + IC(0.000 ns) + CELL(0.000 ns) = 0.000 ns; Loc. = LCFF_X30_Y35_N17; Fanout = 1; REG Node = 'led[0]~reg0'
        Info: 2: + IC(4.089 ns) + CELL(3.236 ns) = 7.325 ns; Loc. = PIN_A20; Fanout = 0; PIN Node = 'led[0]'
        Info: Total cell delay = 3.236 ns ( 44.18 % )
        Info: Total interconnect delay = 4.089 ns ( 55.82 % )
Info: Quartus II Classic Timing Analyzer was successful. 0 errors, 2 warnings
    Info: Allocated 119 megabytes of memory during processing
    Info: Processing ended: Mon Mar 30 11:50:58 2009
    Info: Elapsed time: 00:00:01


