Flow report for led_run
Thu Apr 25 21:55:19 2019
Quartus II 64-Bit Version 13.0.0 Build 156 04/24/2013 SJ Full Version


---------------------
; Table of Contents ;
---------------------
  1. Legal Notice
  2. Flow Summary
  3. Flow Settings
  4. Flow Non-Default Global Settings
  5. Flow Elapsed Time
  6. Flow OS Summary
  7. Flow Log
  8. Flow Messages
  9. Flow Suppressed Messages



----------------
; Legal Notice ;
----------------
Copyright (C) 1991-2013 Altera Corporation
Your use of Altera Corporation's design tools, logic functions 
and other software and tools, and its AMPP partner logic 
functions, and any output files from any of the foregoing 
(including device programming or simulation files), and any 
associated documentation or information are expressly subject 
to the terms and conditions of the Altera Program License 
Subscription Agreement, Altera MegaCore Function License 
Agreement, or other applicable license agreement, including, 
without limitation, that your use is for the sole purpose of 
programming logic devices manufactured by Altera and sold by 
Altera or its authorized distributors.  Please refer to the 
applicable agreement for further details.



+----------------------------------------------------------------------------------+
; Flow Summary                                                                     ;
+------------------------------------+---------------------------------------------+
; Flow Status                        ; Successful - Thu Apr 25 21:55:17 2019       ;
; Quartus II 64-Bit Version          ; 13.0.0 Build 156 04/24/2013 SJ Full Version ;
; Revision Name                      ; led_run                                     ;
; Top-level Entity Name              ; led_run                                     ;
; Family                             ; Cyclone II                                  ;
; Device                             ; EP2C35F484C8                                ;
; Timing Models                      ; Final                                       ;
; Total logic elements               ; 37 / 33,216 ( < 1 % )                       ;
;     Total combinational functions  ; 37 / 33,216 ( < 1 % )                       ;
;     Dedicated logic registers      ; 37 / 33,216 ( < 1 % )                       ;
; Total registers                    ; 37                                          ;
; Total pins                         ; 9 / 322 ( 3 % )                             ;
; Total virtual pins                 ; 0                                           ;
; Total memory bits                  ; 0 / 483,840 ( 0 % )                         ;
; Embedded Multiplier 9-bit elements ; 0 / 70 ( 0 % )                              ;
; Total PLLs                         ; 0 / 4 ( 0 % )                               ;
+------------------------------------+---------------------------------------------+


+-----------------------------------------+
; Flow Settings                           ;
+-------------------+---------------------+
; Option            ; Setting             ;
+-------------------+---------------------+
; Start date & time ; 04/25/2019 21:54:55 ;
; Main task         ; Compilation         ;
; Revision Name     ; led_run             ;
+-------------------+---------------------+


+-----------------------------------------------------------------------------------------------------------------+
; Flow Non-Default Global Settings                                                                                ;
+-------------------------------------+--------------------------------+---------------+-------------+------------+
; Assignment Name                     ; Value                          ; Default Value ; Entity Name ; Section Id ;
+-------------------------------------+--------------------------------+---------------+-------------+------------+
; AUTO_ENABLE_SMART_COMPILE           ; On                             ; --            ; --          ; --         ;
; COMPILER_SIGNATURE_ID               ; 70975882197925.155620049507696 ; --            ; --          ; --         ;
; ENABLE_SIGNALTAP                    ; Off                            ; --            ; --          ; --         ;
; MAX_CORE_JUNCTION_TEMP              ; 85                             ; --            ; --          ; --         ;
; MIN_CORE_JUNCTION_TEMP              ; 0                              ; --            ; --          ; --         ;
; PARTITION_COLOR                     ; 16764057                       ; --            ; --          ; Top        ;
; PARTITION_FITTER_PRESERVATION_LEVEL ; PLACEMENT_AND_ROUTING          ; --            ; --          ; Top        ;
; PARTITION_NETLIST_TYPE              ; SOURCE                         ; --            ; --          ; Top        ;
; USE_SIGNALTAP_FILE                  ; stp1.stp                       ; --            ; --          ; --         ;
+-------------------------------------+--------------------------------+---------------+-------------+------------+


+-------------------------------------------------------------------------------------------------------------------------------+
; Flow Elapsed Time                                                                                                             ;
+---------------------------+--------------+-------------------------+---------------------+------------------------------------+
; Module Name               ; Elapsed Time ; Average Processors Used ; Peak Virtual Memory ; Total CPU Time (on all processors) ;
+---------------------------+--------------+-------------------------+---------------------+------------------------------------+
; Analysis & Synthesis      ; 00:00:04     ; 1.0                     ; 440 MB              ; 00:00:01                           ;
; Fitter                    ; 00:00:10     ; 1.1                     ; 818 MB              ; 00:00:07                           ;
; Assembler                 ; 00:00:03     ; 1.0                     ; 428 MB              ; 00:00:02                           ;
; TimeQuest Timing Analyzer ; 00:00:01     ; 1.0                     ; 413 MB              ; 00:00:01                           ;
; Total                     ; 00:00:18     ; --                      ; --                  ; 00:00:11                           ;
+---------------------------+--------------+-------------------------+---------------------+------------------------------------+


+----------------------------------------------------------------------------------------+
; Flow OS Summary                                                                        ;
+---------------------------+------------------+-----------+------------+----------------+
; Module Name               ; Machine Hostname ; OS Name   ; OS Version ; Processor type ;
+---------------------------+------------------+-----------+------------+----------------+
; Analysis & Synthesis      ; nebulabhm-PC     ; Windows 7 ; 6.1        ; x86_64         ;
; Fitter                    ; nebulabhm-PC     ; Windows 7 ; 6.1        ; x86_64         ;
; Assembler                 ; nebulabhm-PC     ; Windows 7 ; 6.1        ; x86_64         ;
; TimeQuest Timing Analyzer ; nebulabhm-PC     ; Windows 7 ; 6.1        ; x86_64         ;
+---------------------------+------------------+-----------+------------+----------------+


------------
; Flow Log ;
------------
quartus_map --read_settings_files=on --write_settings_files=off led_run -c led_run
quartus_fit --read_settings_files=off --write_settings_files=off led_run -c led_run
quartus_asm --read_settings_files=off --write_settings_files=off led_run -c led_run
quartus_sta led_run -c led_run



