# //  ModelSim SE-64 10.6d Feb 24 2018
# //
# //  Copyright 1991-2018 Mentor Graphics Corporation
# //  All Rights Reserved.
# //
# //  ModelSim SE-64 and its associated documentation contain trade
# //  secrets and commercial or financial information that are the property of
# //  Mentor Graphics Corporation and are privileged, confidential,
# //  and exempt from disclosure under the Freedom of Information Act,
# //  5 U.S.C. Section 552. Furthermore, this information
# //  is prohibited from disclosure under the Trade Secrets Act,
# //  18 U.S.C. Section 1905.
# //
# do {bin_counter_tb_simulate.do}
# vsim -voptargs=""+acc"" -coverage -fsmdebug -L xil_defaultlib -L unisims_ver -L unimacro_ver -L secureip -lib xil_defaultlib xil_defaultlib.bin_counter_tb xil_defaultlib.glbl 
# Start time: 14:39:43 on Sep 09,2024
# ** Note: (vsim-3812) Design is being optimized...
# Loading work.bin_counter_tb(fast)
# Loading work.bin_counter(fast)
# Loading work.glbl(fast)
# ** Warning: (vsim-8634) Code was not compiled with coverage options.
# 1
# 1
# ** Warning: (vsim-WLF-5000) WLF file currently in use: vsim.wlf
#           File in use by: nebulabhm760  Hostname: NEBULABHM-PC  ProcessID: 23444
#           Atte# End time: 17:25:27 on Sep 09,2024, Elapsed time: 2:50:37
# Errors: 0, Warnings: 1
not open WLF file: vsim.wlf
#           Using alternate file: ./wlftrs2cwm
# .main_pane.wave.interior.cs.body.pw.wf
# .main_pane.structure.interior.cs.body.struct
# .main_pane.objects.interior.cs.body.tree
run
# End time: 16:49:23 on Sep 09,2024, Elapsed time: 2:09:40
# Errors: 0, Warnings: 3
